2023-11-13 23:38:37.589 -0800 [debug] ([34mconfigs.js[0m) [31mloaded default configs as "{"updates":{"manifest_url":"https://ws.freshdev.io/cli/updates.json","period":24},"log":{"level":"info"},"javascript":{"ecma_version":2020},"request":{"timeout":5000}}"[0m
2023-11-13 23:38:37.592 -0800 [debug] ([34mfile-util.js[0m) [31mError while requiring C:\Users\Chand/.fdk/configs.json: Cannot find module 'C:\Users\Chand/.fdk/configs.json'
Require stack:
- C:\Users\Chand\AppData\Roaming\npm\node_modules\fdk\lib\utils\file-util.js
- C:\Users\Chand\AppData\Roaming\npm\node_modules\fdk\lib\configs.js
- C:\Users\Chand\AppData\Roaming\npm\node_modules\fdk\lib\logger.js
- C:\Users\Chand\AppData\Roaming\npm\node_modules\fdk\index.js[0m
2023-11-13 23:38:37.592 -0800 [debug] ([34mconfigs.js[0m) [31mloaded global configs as "{}"[0m
2023-11-13 23:38:37.593 -0800 [debug] ([34mfile-util.js[0m) [31mError while requiring E:\Project\E-commerce\UI3/.fdk/configs.json: Cannot find module 'E:\Project\E-commerce\UI3/.fdk/configs.json'
Require stack:
- C:\Users\Chand\AppData\Roaming\npm\node_modules\fdk\lib\utils\file-util.js
- C:\Users\Chand\AppData\Roaming\npm\node_modules\fdk\lib\configs.js
- C:\Users\Chand\AppData\Roaming\npm\node_modules\fdk\lib\logger.js
- C:\Users\Chand\AppData\Roaming\npm\node_modules\fdk\index.js[0m
2023-11-13 23:38:37.593 -0800 [debug] ([34mconfigs.js[0m) [31mloaded local configs as "{}"[0m
2023-11-13 23:38:37.593 -0800 [debug] ([34mconfigs.js[0m) [31mloaded env configs as "{"updates":{},"log":{},"javascript":{},"request":{"timeout":5000}}"[0m
2023-11-13 23:38:37.593 -0800 [debug] ([34mconfigs.js[0m) [31mloaded resolved configs as "{"updates":{"manifest_url":"https://ws.freshdev.io/cli/updates.json","period":24},"log":{"level":"info"},"javascript":{"ecma_version":2020},"request":{"timeout":5000}}"[0m
2023-11-13 23:38:37.593 -0800 [debug] ([34mlogger.js[0m) [31mStarting FDK in node v14.21.3 on win32[0m
2023-11-13 23:38:37.594 -0800 [debug] ([34msequelize.js[0m) [31msetting up sqilite at "E:\Project\E-commerce\UI3/.fdk/store.sqlite"[0m
2023-11-13 23:38:37.596 -0800 [error] Unrecognized option --product for command create.
2023-11-13 23:39:33.650 -0800 [debug] ([34mconfigs.js[0m) [31mloaded default configs as "{"updates":{"manifest_url":"https://ws.freshdev.io/cli/updates.json","period":24},"log":{"level":"info"},"javascript":{"ecma_version":2020},"request":{"timeout":5000}}"[0m
2023-11-13 23:39:33.654 -0800 [debug] ([34mfile-util.js[0m) [31mError while requiring C:\Users\Chand/.fdk/configs.json: Cannot find module 'C:\Users\Chand/.fdk/configs.json'
Require stack:
- C:\Users\Chand\AppData\Roaming\npm\node_modules\fdk\lib\utils\file-util.js
- C:\Users\Chand\AppData\Roaming\npm\node_modules\fdk\lib\configs.js
- C:\Users\Chand\AppData\Roaming\npm\node_modules\fdk\lib\logger.js
- C:\Users\Chand\AppData\Roaming\npm\node_modules\fdk\index.js[0m
2023-11-13 23:39:33.654 -0800 [debug] ([34mconfigs.js[0m) [31mloaded global configs as "{}"[0m
2023-11-13 23:39:33.654 -0800 [debug] ([34mfile-util.js[0m) [31mError while requiring E:\Project\E-commerce\UI3/.fdk/configs.json: Cannot find module 'E:\Project\E-commerce\UI3/.fdk/configs.json'
Require stack:
- C:\Users\Chand\AppData\Roaming\npm\node_modules\fdk\lib\utils\file-util.js
- C:\Users\Chand\AppData\Roaming\npm\node_modules\fdk\lib\configs.js
- C:\Users\Chand\AppData\Roaming\npm\node_modules\fdk\lib\logger.js
- C:\Users\Chand\AppData\Roaming\npm\node_modules\fdk\index.js[0m
2023-11-13 23:39:33.654 -0800 [debug] ([34mconfigs.js[0m) [31mloaded local configs as "{}"[0m
2023-11-13 23:39:33.654 -0800 [debug] ([34mconfigs.js[0m) [31mloaded env configs as "{"updates":{},"log":{},"javascript":{},"request":{"timeout":5000}}"[0m
2023-11-13 23:39:33.655 -0800 [debug] ([34mconfigs.js[0m) [31mloaded resolved configs as "{"updates":{"manifest_url":"https://ws.freshdev.io/cli/updates.json","period":24},"log":{"level":"info"},"javascript":{"ecma_version":2020},"request":{"timeout":5000}}"[0m
2023-11-13 23:39:33.655 -0800 [debug] ([34mlogger.js[0m) [31mStarting FDK in node v14.21.3 on win32[0m
2023-11-13 23:39:33.655 -0800 [debug] ([34msequelize.js[0m) [31msetting up sqilite at "E:\Project\E-commerce\UI3/.fdk/store.sqlite"[0m
2023-11-13 23:39:33.655 -0800 [debug] ([34mindex.js[0m) [31mRunning with args {"cmd":"create","gopts":{},"opts":{},"goptArg":{},"optArg":{},"args":["app"]}[0m
2023-11-13 23:39:33.655 -0800 [debug] ([34mdata-util.js[0m) [31mRead {"version_details":{"cli":{"deprecated":{"version":"<9","message":"This FDK version will be deprecated by September 30, 2023 There will be no further feature updates to this version. For a seamless app building experience, ensure to move to the latest FDK version. For more information, see https://developers.freshdesk.com/v2/docs/migration-overview/#latest_platform_version_migration."},"forced":{"version":"7.0.0","command":"npm install https://dl.freshdev.io/cli/fdk-7.0.0.tgz -g","message":"Your FDK version has been forced updated to v7.0.0, please visit https://community.developers.freshworks.com/t/fdk-v7-0-announcing-node-js-v12-and-es6-support/3606 to know more"},"latest":{"version":"8.6.7","command":"npm install https://dl.freshdev.io/cli/fdk.tgz -g","message":"This FDK version will be deprecated by July 31, 2023 There will be no further feature updates to this version. For a seamless app building experience, ensure to move to the latest FDK version. For more information, see https://developers.freshdesk.com/v2/docs/migration-overview/#latest_platform_version_migration."}},"addon":{"version":"1.12.0","url":"https://dl.freshdev.io/cli-addon/addon.zip"}},"last_updated":{"time_stamp":1699878737642}}[0m
2023-11-13 23:39:33.655 -0800 [debug] ([34mupdater.js[0m) [31mlast check less than 24 hours ago, not looking for updates[0m
2023-11-13 23:39:38.289 -0800 [debug] ([34mdata-util.js[0m) [31mRead {"version_details":{"cli":{"deprecated":{"version":"<9","message":"This FDK version will be deprecated by September 30, 2023 There will be no further feature updates to this version. For a seamless app building experience, ensure to move to the latest FDK version. For more information, see https://developers.freshdesk.com/v2/docs/migration-overview/#latest_platform_version_migration."},"forced":{"version":"7.0.0","command":"npm install https://dl.freshdev.io/cli/fdk-7.0.0.tgz -g","message":"Your FDK version has been forced updated to v7.0.0, please visit https://community.developers.freshworks.com/t/fdk-v7-0-announcing-node-js-v12-and-es6-support/3606 to know more"},"latest":{"version":"8.6.7","command":"npm install https://dl.freshdev.io/cli/fdk.tgz -g","message":"This FDK version will be deprecated by July 31, 2023 There will be no further feature updates to this version. For a seamless app building experience, ensure to move to the latest FDK version. For more information, see https://developers.freshdesk.com/v2/docs/migration-overview/#latest_platform_version_migration."}},"addon":{"version":"1.12.0","url":"https://dl.freshdev.io/cli-addon/addon.zip"}},"last_updated":{"time_stamp":1699878737642}}[0m
2023-11-13 23:39:38.489 -0800 [debug] ([34mcreate.js[0m) [31m'init' called with E:\Project\E-commerce\UI3, undefined, undefined[0m
2023-11-13 23:40:26.843 -0800 [debug] ([34mcreate.js[0m) [31mInitializing template "your_first_react_app" with product "freshdesk".[0m
2023-11-13 23:40:35.801 -0800 [info] A new Freshdesk app was successfully created from template "your_first_react_app" with the following files.

2023-11-14 00:22:38.641 -0800 [debug] ([34mconfigs.js[0m) [31mloaded default configs as "{"updates":{"manifest_url":"https://ws.freshdev.io/cli/updates.json","period":24},"log":{"level":"info"},"javascript":{"ecma_version":2020},"request":{"timeout":5000}}"[0m
2023-11-14 00:22:39.563 -0800 [debug] ([34mfile-util.js[0m) [31mError while requiring C:\Users\Chand/.fdk/configs.json: Cannot find module 'C:\Users\Chand/.fdk/configs.json'
Require stack:
- C:\Users\Chand\AppData\Roaming\npm\node_modules\fdk\lib\utils\file-util.js
- C:\Users\Chand\AppData\Roaming\npm\node_modules\fdk\lib\configs.js
- C:\Users\Chand\AppData\Roaming\npm\node_modules\fdk\lib\logger.js
- C:\Users\Chand\AppData\Roaming\npm\node_modules\fdk\index.js[0m
2023-11-14 00:22:39.563 -0800 [debug] ([34mconfigs.js[0m) [31mloaded global configs as "{}"[0m
2023-11-14 00:22:39.564 -0800 [debug] ([34mfile-util.js[0m) [31mError while requiring E:\Project\E-commerce\UI3/.fdk/configs.json: Cannot find module 'E:\Project\E-commerce\UI3/.fdk/configs.json'
Require stack:
- C:\Users\Chand\AppData\Roaming\npm\node_modules\fdk\lib\utils\file-util.js
- C:\Users\Chand\AppData\Roaming\npm\node_modules\fdk\lib\configs.js
- C:\Users\Chand\AppData\Roaming\npm\node_modules\fdk\lib\logger.js
- C:\Users\Chand\AppData\Roaming\npm\node_modules\fdk\index.js[0m
2023-11-14 00:22:39.565 -0800 [debug] ([34mconfigs.js[0m) [31mloaded local configs as "{}"[0m
2023-11-14 00:22:39.565 -0800 [debug] ([34mconfigs.js[0m) [31mloaded env configs as "{"updates":{},"log":{},"javascript":{},"request":{"timeout":5000}}"[0m
2023-11-14 00:22:39.566 -0800 [debug] ([34mconfigs.js[0m) [31mloaded resolved configs as "{"updates":{"manifest_url":"https://ws.freshdev.io/cli/updates.json","period":24},"log":{"level":"info"},"javascript":{"ecma_version":2020},"request":{"timeout":5000}}"[0m
2023-11-14 00:22:39.567 -0800 [debug] ([34mlogger.js[0m) [31mStarting FDK in node v14.21.3 on win32[0m
2023-11-14 00:22:39.567 -0800 [debug] ([34msequelize.js[0m) [31msetting up sqilite at "E:\Project\E-commerce\UI3/.fdk/store.sqlite"[0m
2023-11-14 00:22:39.568 -0800 [debug] ([34mindex.js[0m) [31mRunning with args {"cmd":"run","gopts":{},"opts":{},"goptArg":{},"optArg":{},"args":[]}[0m
2023-11-14 00:22:39.569 -0800 [debug] ([34mdata-util.js[0m) [31mRead {"version_details":{"cli":{"deprecated":{"version":"<9","message":"This FDK version will be deprecated by September 30, 2023 There will be no further feature updates to this version. For a seamless app building experience, ensure to move to the latest FDK version. For more information, see https://developers.freshdesk.com/v2/docs/migration-overview/#latest_platform_version_migration."},"forced":{"version":"7.0.0","command":"npm install https://dl.freshdev.io/cli/fdk-7.0.0.tgz -g","message":"Your FDK version has been forced updated to v7.0.0, please visit https://community.developers.freshworks.com/t/fdk-v7-0-announcing-node-js-v12-and-es6-support/3606 to know more"},"latest":{"version":"8.6.7","command":"npm install https://dl.freshdev.io/cli/fdk.tgz -g","message":"This FDK version will be deprecated by July 31, 2023 There will be no further feature updates to this version. For a seamless app building experience, ensure to move to the latest FDK version. For more information, see https://developers.freshdesk.com/v2/docs/migration-overview/#latest_platform_version_migration."}},"addon":{"version":"1.12.0","url":"https://dl.freshdev.io/cli-addon/addon.zip"}},"last_updated":{"time_stamp":1699878737642}}[0m
2023-11-14 00:22:39.570 -0800 [debug] ([34mupdater.js[0m) [31mlast check less than 24 hours ago, not looking for updates[0m
2023-11-14 00:24:16.785 -0800 [debug] ([34mmanifest.js[0m) [31mReloading manifest with {"platform-version":"2.2","product":{"freshdesk":{"location":{"ticket_sidebar":{"url":"index.html","icon":"icon.svg"}}}},"whitelisted-domains":[],"engines":{"node":"14.21.3","fdk":"8.6.7"}}.[0m
2023-11-14 00:24:16.786 -0800 [debug] ([34mmanifest.js[0m) [31mInferred db as features.[0m
2023-11-14 00:24:17.814 -0800 [debug] ([34mdata-util.js[0m) [31mRead {"version_details":{"cli":{"deprecated":{"version":"<9","message":"This FDK version will be deprecated by September 30, 2023 There will be no further feature updates to this version. For a seamless app building experience, ensure to move to the latest FDK version. For more information, see https://developers.freshdesk.com/v2/docs/migration-overview/#latest_platform_version_migration."},"forced":{"version":"7.0.0","command":"npm install https://dl.freshdev.io/cli/fdk-7.0.0.tgz -g","message":"Your FDK version has been forced updated to v7.0.0, please visit https://community.developers.freshworks.com/t/fdk-v7-0-announcing-node-js-v12-and-es6-support/3606 to know more"},"latest":{"version":"8.6.7","command":"npm install https://dl.freshdev.io/cli/fdk.tgz -g","message":"This FDK version will be deprecated by July 31, 2023 There will be no further feature updates to this version. For a seamless app building experience, ensure to move to the latest FDK version. For more information, see https://developers.freshdesk.com/v2/docs/migration-overview/#latest_platform_version_migration."}},"addon":{"version":"1.12.0","url":"https://dl.freshdev.io/cli-addon/addon.zip"}},"last_updated":{"time_stamp":1699878737642}}[0m
2023-11-14 00:24:36.593 -0800 [debug] ([34mdata-util.js[0m) [31mRead {"version_details":{"cli":{"deprecated":{"version":"<9","message":"This FDK version will be deprecated by September 30, 2023 There will be no further feature updates to this version. For a seamless app building experience, ensure to move to the latest FDK version. For more information, see https://developers.freshdesk.com/v2/docs/migration-overview/#latest_platform_version_migration."},"forced":{"version":"7.0.0","command":"npm install https://dl.freshdev.io/cli/fdk-7.0.0.tgz -g","message":"Your FDK version has been forced updated to v7.0.0, please visit https://community.developers.freshworks.com/t/fdk-v7-0-announcing-node-js-v12-and-es6-support/3606 to know more"},"latest":{"version":"8.6.7","command":"npm install https://dl.freshdev.io/cli/fdk.tgz -g","message":"This FDK version will be deprecated by July 31, 2023 There will be no further feature updates to this version. For a seamless app building experience, ensure to move to the latest FDK version. For more information, see https://developers.freshdesk.com/v2/docs/migration-overview/#latest_platform_version_migration."}},"addon":{"version":"1.12.0","url":"https://dl.freshdev.io/cli-addon/addon.zip"}},"last_updated":{"time_stamp":1699878737642}}[0m
2023-11-14 00:26:26.389 -0800 [debug] ([34mfile-util.js[0m) [31mError while requiring E:\Project\E-commerce\UI3/.report.json: Cannot find module 'E:\Project\E-commerce\UI3/.report.json'
Require stack:
- C:\Users\Chand\AppData\Roaming\npm\node_modules\fdk\lib\utils\file-util.js
- C:\Users\Chand\AppData\Roaming\npm\node_modules\fdk\lib\configs.js
- C:\Users\Chand\AppData\Roaming\npm\node_modules\fdk\lib\logger.js
- C:\Users\Chand\AppData\Roaming\npm\node_modules\fdk\index.js[0m
2023-11-14 00:30:23.294 -0800 [debug] ([34mdata-util.js[0m) [31mRead {"version_details":{"cli":{"deprecated":{"version":"<9","message":"This FDK version will be deprecated by September 30, 2023 There will be no further feature updates to this version. For a seamless app building experience, ensure to move to the latest FDK version. For more information, see https://developers.freshdesk.com/v2/docs/migration-overview/#latest_platform_version_migration."},"forced":{"version":"7.0.0","command":"npm install https://dl.freshdev.io/cli/fdk-7.0.0.tgz -g","message":"Your FDK version has been forced updated to v7.0.0, please visit https://community.developers.freshworks.com/t/fdk-v7-0-announcing-node-js-v12-and-es6-support/3606 to know more"},"latest":{"version":"8.6.7","command":"npm install https://dl.freshdev.io/cli/fdk.tgz -g","message":"This FDK version will be deprecated by July 31, 2023 There will be no further feature updates to this version. For a seamless app building experience, ensure to move to the latest FDK version. For more information, see https://developers.freshdesk.com/v2/docs/migration-overview/#latest_platform_version_migration."}},"addon":{"version":"1.12.0","url":"https://dl.freshdev.io/cli-addon/addon.zip"}},"last_updated":{"time_stamp":1699878737642}}[0m
2023-11-14 00:32:32.431 -0800 [debug] ([34mvalidate.js[0m) [31masked to skip the following validations, [0m
2023-11-14 00:32:32.432 -0800 [debug] ([34mvalidate.js[0m) [31mrunning validator actions[0m
2023-11-14 00:32:32.461 -0800 [debug] ([34mvalidate.js[0m) [31mrunning validator app-dir[0m
2023-11-14 00:32:32.467 -0800 [debug] ([34mvalidate.js[0m) [31mrunning validator config-dir[0m
2023-11-14 00:32:32.468 -0800 [debug] ([34mconfig-dir.js[0m) [31mChecking to see if E:\Project\E-commerce\UI3/config/ exists.[0m
2023-11-14 00:32:32.468 -0800 [debug] ([34mconfig-dir.js[0m) [31mFetched the following config files iparams.json[0m
2023-11-14 00:32:32.469 -0800 [debug] ([34mvalidate.js[0m) [31mrunning validator custom-objects[0m
2023-11-14 00:32:32.470 -0800 [debug] ([34mvalidate.js[0m) [31mrunning validator event[0m
2023-11-14 00:32:32.470 -0800 [debug] ([34mvalidate.js[0m) [31mrunning validator iparam[0m
2023-11-14 00:32:32.492 -0800 [debug] ([34mvalidate.js[0m) [31mskipping validator lint[0m
2023-11-14 00:32:32.492 -0800 [debug] ([34mvalidate.js[0m) [31mrunning validator manifest[0m
2023-11-14 00:32:32.492 -0800 [debug] ([34mmanifest.js[0m) [31mrunning manifest validation with type run_validation[0m
2023-11-14 00:32:32.492 -0800 [debug] ([34mvalidate.js[0m) [31mskipping validator manifest-dependency[0m
2023-11-14 00:32:32.492 -0800 [debug] ([34mvalidate.js[0m) [31mrunning validator oauth[0m
2023-11-14 00:32:32.493 -0800 [debug] ([34mvalidate.js[0m) [31mskipping validator pkgsize[0m
2023-11-14 00:32:32.493 -0800 [debug] ([34mvalidate.js[0m) [31mrunning validator schema[0m
2023-11-14 00:32:32.493 -0800 [debug] ([34mvalidate.js[0m) [31mrunning validator version-check[0m
2023-11-14 00:32:32.520 -0800 [debug] ([34mwatcher.js[0m) [31mPreparing to watch the following files ./app,./config,./manifest.json[0m
2023-11-14 00:32:37.220 -0800 [debug] ([34mcoverage-util.js[0m) [31mSnoozing coverage.[0m
2023-11-14 00:32:37.221 -0800 [debug] ([34mfrontend_framework-util.js[0m) [31mMounting the default Webpack config[0m
2023-11-14 00:33:52.548 -0800 [debug] ([34mdata-util.js[0m) [31mRead {}[0m
2023-11-14 00:33:52.701 -0800 [debug] ([34mcustom-objects.js[0m) [31mto force or not? false[0m
2023-11-14 00:33:52.701 -0800 [debug] ([34mcustom-objects.js[0m) [31mbeginning to re-sync db[0m
2023-11-14 00:35:48.049 -0800 [debug] ([34mwatcher.js[0m) [31mBroadcasted "{"file":"app\\index.html"}" to all listeners.[0m
2023-11-14 00:36:12.863 -0800 [debug] ([34mindex.js[0m) [31mloading model at "C:\Users\Chand\AppData\Roaming\npm\node_modules\fdk\lib\models\bigint-pivot.js"[0m
2023-11-14 00:36:13.614 -0800 [debug] ([34mindex.js[0m) [31mloading model at "C:\Users\Chand\AppData\Roaming\npm\node_modules\fdk\lib\models\entity-field-choice.js"[0m
2023-11-14 00:36:13.692 -0800 [debug] ([34mindex.js[0m) [31mloading model at "C:\Users\Chand\AppData\Roaming\npm\node_modules\fdk\lib\models\entity-field.js"[0m
2023-11-14 00:36:13.726 -0800 [debug] ([34mindex.js[0m) [31mloading model at "C:\Users\Chand\AppData\Roaming\npm\node_modules\fdk\lib\models\entity.js"[0m
2023-11-14 00:36:13.796 -0800 [debug] ([34mindex.js[0m) [31mloading model at "C:\Users\Chand\AppData\Roaming\npm\node_modules\fdk\lib\models\record.js"[0m
2023-11-14 00:36:13.983 -0800 [debug] ([34mindex.js[0m) [31mloading model at "C:\Users\Chand\AppData\Roaming\npm\node_modules\fdk\lib\models\string-pivot.js"[0m
2023-11-14 00:36:14.173 -0800 [debug] ([34mdata-util.js[0m) [31mRead {}[0m
2023-11-14 00:36:14.175 -0800 [debug] ([34mcustom-objects.js[0m) [31mupdated local store with latest entity hash[0m
2023-11-14 00:36:14.176 -0800 [info] Starting local testing server at http://*:10001/    
Append 'dev=true' to your Freshdesk account URL to start testing    
e.g. https://domain.freshdesk.com/a/tickets/1?dev=true    
Quit the server with Control-C.
2023-11-14 01:04:31.837 -0800 [debug] ([34mdata-util.js[0m) [31mRead {}[0m
2023-11-14 01:04:32.000 -0800 [debug] ([34miframe.js[0m) [31mResponding to product with {"configs":{},"displayName":"UI3","product":{"freshdesk":{"location":{"ticket_sidebar":{"url":"agent/index.html","icon":"agent/icon.svg"}}}},"features":["db"],"actions":false,"omni":false,"products":["freshdesk"],"platform":"2.2","v2":[]}[0m
2023-11-14 01:04:32.560 -0800 [debug] ([34mdata-util.js[0m) [31mRead {}[0m
2023-11-14 02:41:44.993 -0800 [debug] ([34mconfigs.js[0m) [31mloaded default configs as "{"updates":{"manifest_url":"https://ws.freshdev.io/cli/updates.json","period":24},"log":{"level":"info"},"javascript":{"ecma_version":2020},"request":{"timeout":5000}}"[0m
2023-11-14 02:41:45.096 -0800 [debug] ([34mfile-util.js[0m) [31mError while requiring C:\Users\Chand/.fdk/configs.json: Cannot find module 'C:\Users\Chand/.fdk/configs.json'
Require stack:
- C:\Users\Chand\AppData\Roaming\npm\node_modules\fdk\lib\utils\file-util.js
- C:\Users\Chand\AppData\Roaming\npm\node_modules\fdk\lib\configs.js
- C:\Users\Chand\AppData\Roaming\npm\node_modules\fdk\lib\logger.js
- C:\Users\Chand\AppData\Roaming\npm\node_modules\fdk\index.js[0m
2023-11-14 02:41:45.097 -0800 [debug] ([34mconfigs.js[0m) [31mloaded global configs as "{}"[0m
2023-11-14 02:41:45.097 -0800 [debug] ([34mfile-util.js[0m) [31mError while requiring E:\Project\E-commerce\UI3/.fdk/configs.json: Cannot find module 'E:\Project\E-commerce\UI3/.fdk/configs.json'
Require stack:
- C:\Users\Chand\AppData\Roaming\npm\node_modules\fdk\lib\utils\file-util.js
- C:\Users\Chand\AppData\Roaming\npm\node_modules\fdk\lib\configs.js
- C:\Users\Chand\AppData\Roaming\npm\node_modules\fdk\lib\logger.js
- C:\Users\Chand\AppData\Roaming\npm\node_modules\fdk\index.js[0m
2023-11-14 02:41:45.098 -0800 [debug] ([34mconfigs.js[0m) [31mloaded local configs as "{}"[0m
2023-11-14 02:41:45.099 -0800 [debug] ([34mconfigs.js[0m) [31mloaded env configs as "{"updates":{},"log":{},"javascript":{},"request":{"timeout":5000}}"[0m
2023-11-14 02:41:45.099 -0800 [debug] ([34mconfigs.js[0m) [31mloaded resolved configs as "{"updates":{"manifest_url":"https://ws.freshdev.io/cli/updates.json","period":24},"log":{"level":"info"},"javascript":{"ecma_version":2020},"request":{"timeout":5000}}"[0m
2023-11-14 02:41:45.100 -0800 [debug] ([34mlogger.js[0m) [31mStarting FDK in node v14.21.3 on win32[0m
2023-11-14 02:41:45.100 -0800 [debug] ([34msequelize.js[0m) [31msetting up sqilite at "E:\Project\E-commerce\UI3/.fdk/store.sqlite"[0m
2023-11-14 02:41:45.101 -0800 [debug] ([34mindex.js[0m) [31mRunning with args {"cmd":"run","gopts":{},"opts":{},"goptArg":{},"optArg":{},"args":[]}[0m
2023-11-14 02:41:45.101 -0800 [debug] ([34mdata-util.js[0m) [31mRead {"version_details":{"cli":{"deprecated":{"version":"<9","message":"This FDK version will be deprecated by September 30, 2023 There will be no further feature updates to this version. For a seamless app building experience, ensure to move to the latest FDK version. For more information, see https://developers.freshdesk.com/v2/docs/migration-overview/#latest_platform_version_migration."},"forced":{"version":"7.0.0","command":"npm install https://dl.freshdev.io/cli/fdk-7.0.0.tgz -g","message":"Your FDK version has been forced updated to v7.0.0, please visit https://community.developers.freshworks.com/t/fdk-v7-0-announcing-node-js-v12-and-es6-support/3606 to know more"},"latest":{"version":"8.6.7","command":"npm install https://dl.freshdev.io/cli/fdk.tgz -g","message":"This FDK version will be deprecated by July 31, 2023 There will be no further feature updates to this version. For a seamless app building experience, ensure to move to the latest FDK version. For more information, see https://developers.freshdesk.com/v2/docs/migration-overview/#latest_platform_version_migration."}},"addon":{"version":"1.12.0","url":"https://dl.freshdev.io/cli-addon/addon.zip"}},"last_updated":{"time_stamp":1699878737642}}[0m
2023-11-14 02:41:45.102 -0800 [debug] ([34mupdater.js[0m) [31mlast check less than 24 hours ago, not looking for updates[0m
2023-11-14 02:42:01.158 -0800 [debug] ([34mmanifest.js[0m) [31mReloading manifest with {"platform-version":"2.2","product":{"freshdesk":{"location":{"ticket_sidebar":{"url":"index.html","icon":"icon.svg"}}}},"whitelisted-domains":[],"engines":{"node":"14.21.3","fdk":"8.6.7"}}.[0m
2023-11-14 02:42:01.175 -0800 [debug] ([34mmanifest.js[0m) [31mInferred db as features.[0m
2023-11-14 02:42:01.357 -0800 [debug] ([34mdata-util.js[0m) [31mRead {"version_details":{"cli":{"deprecated":{"version":"<9","message":"This FDK version will be deprecated by September 30, 2023 There will be no further feature updates to this version. For a seamless app building experience, ensure to move to the latest FDK version. For more information, see https://developers.freshdesk.com/v2/docs/migration-overview/#latest_platform_version_migration."},"forced":{"version":"7.0.0","command":"npm install https://dl.freshdev.io/cli/fdk-7.0.0.tgz -g","message":"Your FDK version has been forced updated to v7.0.0, please visit https://community.developers.freshworks.com/t/fdk-v7-0-announcing-node-js-v12-and-es6-support/3606 to know more"},"latest":{"version":"8.6.7","command":"npm install https://dl.freshdev.io/cli/fdk.tgz -g","message":"This FDK version will be deprecated by July 31, 2023 There will be no further feature updates to this version. For a seamless app building experience, ensure to move to the latest FDK version. For more information, see https://developers.freshdesk.com/v2/docs/migration-overview/#latest_platform_version_migration."}},"addon":{"version":"1.12.0","url":"https://dl.freshdev.io/cli-addon/addon.zip"}},"last_updated":{"time_stamp":1699878737642}}[0m
2023-11-14 02:42:03.159 -0800 [debug] ([34mdata-util.js[0m) [31mRead {"version_details":{"cli":{"deprecated":{"version":"<9","message":"This FDK version will be deprecated by September 30, 2023 There will be no further feature updates to this version. For a seamless app building experience, ensure to move to the latest FDK version. For more information, see https://developers.freshdesk.com/v2/docs/migration-overview/#latest_platform_version_migration."},"forced":{"version":"7.0.0","command":"npm install https://dl.freshdev.io/cli/fdk-7.0.0.tgz -g","message":"Your FDK version has been forced updated to v7.0.0, please visit https://community.developers.freshworks.com/t/fdk-v7-0-announcing-node-js-v12-and-es6-support/3606 to know more"},"latest":{"version":"8.6.7","command":"npm install https://dl.freshdev.io/cli/fdk.tgz -g","message":"This FDK version will be deprecated by July 31, 2023 There will be no further feature updates to this version. For a seamless app building experience, ensure to move to the latest FDK version. For more information, see https://developers.freshdesk.com/v2/docs/migration-overview/#latest_platform_version_migration."}},"addon":{"version":"1.12.0","url":"https://dl.freshdev.io/cli-addon/addon.zip"}},"last_updated":{"time_stamp":1699878737642}}[0m
2023-11-14 02:43:25.897 -0800 [debug] ([34mdata-util.js[0m) [31mRead {"version_details":{"cli":{"deprecated":{"version":"<9","message":"This FDK version will be deprecated by September 30, 2023 There will be no further feature updates to this version. For a seamless app building experience, ensure to move to the latest FDK version. For more information, see https://developers.freshdesk.com/v2/docs/migration-overview/#latest_platform_version_migration."},"forced":{"version":"7.0.0","command":"npm install https://dl.freshdev.io/cli/fdk-7.0.0.tgz -g","message":"Your FDK version has been forced updated to v7.0.0, please visit https://community.developers.freshworks.com/t/fdk-v7-0-announcing-node-js-v12-and-es6-support/3606 to know more"},"latest":{"version":"8.6.7","command":"npm install https://dl.freshdev.io/cli/fdk.tgz -g","message":"This FDK version will be deprecated by July 31, 2023 There will be no further feature updates to this version. For a seamless app building experience, ensure to move to the latest FDK version. For more information, see https://developers.freshdesk.com/v2/docs/migration-overview/#latest_platform_version_migration."}},"addon":{"version":"1.12.0","url":"https://dl.freshdev.io/cli-addon/addon.zip"}},"last_updated":{"time_stamp":1699878737642}}[0m
2023-11-14 02:44:28.266 -0800 [debug] ([34mvalidate.js[0m) [31masked to skip the following validations, [0m
2023-11-14 02:44:28.269 -0800 [debug] ([34mvalidate.js[0m) [31mrunning validator actions[0m
2023-11-14 02:44:28.270 -0800 [debug] ([34mvalidate.js[0m) [31mrunning validator app-dir[0m
2023-11-14 02:44:28.311 -0800 [debug] ([34mvalidate.js[0m) [31mrunning validator config-dir[0m
2023-11-14 02:44:28.312 -0800 [debug] ([34mconfig-dir.js[0m) [31mChecking to see if E:\Project\E-commerce\UI3/config/ exists.[0m
2023-11-14 02:44:28.313 -0800 [debug] ([34mconfig-dir.js[0m) [31mFetched the following config files iparams.json[0m
2023-11-14 02:44:28.314 -0800 [debug] ([34mvalidate.js[0m) [31mrunning validator custom-objects[0m
2023-11-14 02:44:28.315 -0800 [debug] ([34mvalidate.js[0m) [31mrunning validator event[0m
2023-11-14 02:44:28.316 -0800 [debug] ([34mvalidate.js[0m) [31mrunning validator iparam[0m
2023-11-14 02:44:28.331 -0800 [debug] ([34mvalidate.js[0m) [31mskipping validator lint[0m
2023-11-14 02:44:28.332 -0800 [debug] ([34mvalidate.js[0m) [31mrunning validator manifest[0m
2023-11-14 02:44:28.332 -0800 [debug] ([34mmanifest.js[0m) [31mrunning manifest validation with type run_validation[0m
2023-11-14 02:44:28.333 -0800 [debug] ([34mvalidate.js[0m) [31mskipping validator manifest-dependency[0m
2023-11-14 02:44:28.333 -0800 [debug] ([34mvalidate.js[0m) [31mrunning validator oauth[0m
2023-11-14 02:44:28.334 -0800 [debug] ([34mvalidate.js[0m) [31mskipping validator pkgsize[0m
2023-11-14 02:44:28.335 -0800 [debug] ([34mvalidate.js[0m) [31mrunning validator schema[0m
2023-11-14 02:44:28.336 -0800 [debug] ([34mvalidate.js[0m) [31mrunning validator version-check[0m
2023-11-14 02:44:28.774 -0800 [debug] ([34mwatcher.js[0m) [31mPreparing to watch the following files ./app,./config,./manifest.json[0m
2023-11-14 02:44:32.570 -0800 [debug] ([34mcoverage-util.js[0m) [31mSnoozing coverage.[0m
2023-11-14 02:44:32.571 -0800 [debug] ([34mfrontend_framework-util.js[0m) [31mMounting the default Webpack config[0m
2023-11-14 02:45:26.282 -0800 [debug] ([34mdata-util.js[0m) [31mRead {}[0m
2023-11-14 02:45:26.319 -0800 [debug] ([34mcustom-objects.js[0m) [31mto force or not? false[0m
2023-11-14 02:45:26.320 -0800 [debug] ([34mcustom-objects.js[0m) [31mbeginning to re-sync db[0m
2023-11-14 02:46:29.072 -0800 [debug] ([34mwatcher.js[0m) [31mBroadcasted "{"file":"app\\index.html"}" to all listeners.[0m
2023-11-14 02:46:38.149 -0800 [debug] ([34mwatcher.js[0m) [31mBroadcasted "{"file":"app\\index.html"}" to all listeners.[0m
2023-11-14 02:46:39.851 -0800 [debug] ([34mindex.js[0m) [31mloading model at "C:\Users\Chand\AppData\Roaming\npm\node_modules\fdk\lib\models\bigint-pivot.js"[0m
2023-11-14 02:46:40.012 -0800 [debug] ([34mindex.js[0m) [31mloading model at "C:\Users\Chand\AppData\Roaming\npm\node_modules\fdk\lib\models\entity-field-choice.js"[0m
2023-11-14 02:46:40.104 -0800 [debug] ([34mindex.js[0m) [31mloading model at "C:\Users\Chand\AppData\Roaming\npm\node_modules\fdk\lib\models\entity-field.js"[0m
2023-11-14 02:46:40.185 -0800 [debug] ([34mindex.js[0m) [31mloading model at "C:\Users\Chand\AppData\Roaming\npm\node_modules\fdk\lib\models\entity.js"[0m
2023-11-14 02:46:40.265 -0800 [debug] ([34mindex.js[0m) [31mloading model at "C:\Users\Chand\AppData\Roaming\npm\node_modules\fdk\lib\models\record.js"[0m
2023-11-14 02:46:40.349 -0800 [debug] ([34mindex.js[0m) [31mloading model at "C:\Users\Chand\AppData\Roaming\npm\node_modules\fdk\lib\models\string-pivot.js"[0m
2023-11-14 02:46:40.441 -0800 [debug] ([34mdata-util.js[0m) [31mRead {}[0m
2023-11-14 02:46:40.442 -0800 [debug] ([34mcustom-objects.js[0m) [31mupdated local store with latest entity hash[0m
2023-11-14 02:46:40.442 -0800 [info] Starting local testing server at http://*:10001/    
Append 'dev=true' to your Freshdesk account URL to start testing    
e.g. https://domain.freshdesk.com/a/tickets/1?dev=true    
Quit the server with Control-C.
2023-11-14 03:59:40.368 -0800 [debug] ([34mdata-util.js[0m) [31mRead {}[0m
2023-11-14 03:59:40.381 -0800 [debug] ([34miframe.js[0m) [31mResponding to product with {"configs":{},"displayName":"UI3","product":{"freshdesk":{"location":{"ticket_sidebar":{"url":"agent/index.html","icon":"agent/icon.svg"}}}},"features":["db"],"actions":false,"omni":false,"products":["freshdesk"],"platform":"2.2","v2":[]}[0m
2023-11-14 03:59:42.815 -0800 [debug] ([34mdata-util.js[0m) [31mRead {}[0m
2023-11-14 03:59:42.817 -0800 [debug] ([34miframe.js[0m) [31mResponding to product with {"configs":{},"displayName":"UI3","product":{"freshdesk":{"location":{"ticket_sidebar":{"url":"agent/index.html","icon":"agent/icon.svg"}}}},"features":["db"],"actions":false,"omni":false,"products":["freshdesk"],"platform":"2.2","v2":[]}[0m
2023-11-14 03:59:42.890 -0800 [debug] ([34mdata-util.js[0m) [31mRead {}[0m
2023-11-14 03:59:42.891 -0800 [debug] ([34miframe.js[0m) [31mResponding to product with {"configs":{},"displayName":"UI3","product":{"freshdesk":{"location":{"ticket_sidebar":{"url":"agent/index.html","icon":"agent/icon.svg"}}}},"features":["db"],"actions":false,"omni":false,"products":["freshdesk"],"platform":"2.2","v2":[]}[0m
2023-11-14 03:59:42.982 -0800 [debug] ([34mdata-util.js[0m) [31mRead {}[0m
2023-11-14 03:59:42.983 -0800 [debug] ([34miframe.js[0m) [31mResponding to product with {"configs":{},"displayName":"UI3","product":{"freshdesk":{"location":{"ticket_sidebar":{"url":"agent/index.html","icon":"agent/icon.svg"}}}},"features":["db"],"actions":false,"omni":false,"products":["freshdesk"],"platform":"2.2","v2":[]}[0m
2023-11-14 03:59:43.064 -0800 [debug] ([34mdata-util.js[0m) [31mRead {}[0m
2023-11-14 03:59:43.066 -0800 [debug] ([34miframe.js[0m) [31mResponding to product with {"configs":{},"displayName":"UI3","product":{"freshdesk":{"location":{"ticket_sidebar":{"url":"agent/index.html","icon":"agent/icon.svg"}}}},"features":["db"],"actions":false,"omni":false,"products":["freshdesk"],"platform":"2.2","v2":[]}[0m
2023-11-14 03:59:43.147 -0800 [debug] ([34mdata-util.js[0m) [31mRead {}[0m
2023-11-14 03:59:43.149 -0800 [debug] ([34miframe.js[0m) [31mResponding to product with {"configs":{},"displayName":"UI3","product":{"freshdesk":{"location":{"ticket_sidebar":{"url":"agent/index.html","icon":"agent/icon.svg"}}}},"features":["db"],"actions":false,"omni":false,"products":["freshdesk"],"platform":"2.2","v2":[]}[0m
2023-11-14 03:59:43.231 -0800 [debug] ([34mdata-util.js[0m) [31mRead {}[0m
2023-11-14 03:59:43.232 -0800 [debug] ([34miframe.js[0m) [31mResponding to product with {"configs":{},"displayName":"UI3","product":{"freshdesk":{"location":{"ticket_sidebar":{"url":"agent/index.html","icon":"agent/icon.svg"}}}},"features":["db"],"actions":false,"omni":false,"products":["freshdesk"],"platform":"2.2","v2":[]}[0m
2023-11-14 03:59:43.390 -0800 [debug] ([34miframe.js[0m) [31mResponding with contents of /index.html[0m
2023-11-14 03:59:50.896 -0800 [debug] ([34mdata-util.js[0m) [31mRead {}[0m
2023-11-14 03:59:50.896 -0800 [debug] ([34miframe.js[0m) [31mResponding to product with {"configs":{},"displayName":"UI3","product":{"freshdesk":{"location":{"ticket_sidebar":{"url":"agent/index.html","icon":"agent/icon.svg"}}}},"features":["db"],"actions":false,"omni":false,"products":["freshdesk"],"platform":"2.2","v2":[]}[0m
2023-11-14 03:59:51.850 -0800 [debug] ([34miframe.js[0m) [31mResponding with contents of /scripts/runtime.88567fb5.js[0m
2023-11-14 03:59:52.126 -0800 [debug] ([34mcoverage-util.js[0m) [31mSkipped instrumenting ./app/scripts/runtime.88567fb5.js[0m
2023-11-14 03:59:52.133 -0800 [debug] ([34miframe.js[0m) [31mResponding with contents of /scripts/vendors.45fe4bb5.js[0m
2023-11-14 03:59:52.390 -0800 [debug] ([34mcoverage-util.js[0m) [31mSkipped instrumenting ./app/scripts/vendors.45fe4bb5.js[0m
2023-11-14 03:59:52.561 -0800 [debug] ([34miframe.js[0m) [31mResponding with contents of /scripts/main.80bf2589.js[0m
2023-11-14 03:59:52.781 -0800 [debug] ([34mcoverage-util.js[0m) [31mSkipped instrumenting ./app/scripts/main.80bf2589.js[0m
2023-11-14 03:59:52.783 -0800 [debug] ([34mdata-util.js[0m) [31mRead {}[0m
2023-11-14 03:59:52.783 -0800 [debug] ([34miframe.js[0m) [31mResponding to product with {"configs":{},"displayName":"UI3","product":{"freshdesk":{"location":{"ticket_sidebar":{"url":"agent/index.html","icon":"agent/icon.svg"}}}},"features":["db"],"actions":false,"omni":false,"products":["freshdesk"],"platform":"2.2","v2":[]}[0m
2023-11-14 04:05:17.280 -0800 [debug] ([34mwatcher.js[0m) [31mBroadcasted "{"file":"app\\index.html"}" to all listeners.[0m
2023-11-14 04:05:23.640 -0800 [debug] ([34miframe.js[0m) [31mResponding with contents of /index.html[0m
2023-11-14 04:05:25.173 -0800 [debug] ([34miframe.js[0m) [31mResponding with contents of /scripts/main.5b84bc43.js[0m
2023-11-14 04:05:25.215 -0800 [debug] ([34mcoverage-util.js[0m) [31mSkipped instrumenting ./app/scripts/main.5b84bc43.js[0m
2023-11-14 04:05:25.483 -0800 [debug] ([34miframe.js[0m) [31mResponding with contents of /scripts/vendors.45fe4bb5.js[0m
2023-11-14 04:05:25.915 -0800 [debug] ([34mcoverage-util.js[0m) [31mSkipped instrumenting ./app/scripts/vendors.45fe4bb5.js[0m
2023-11-14 04:05:25.928 -0800 [debug] ([34miframe.js[0m) [31mResponding with contents of /scripts/runtime.88567fb5.js[0m
2023-11-14 04:05:25.980 -0800 [debug] ([34mcoverage-util.js[0m) [31mSkipped instrumenting ./app/scripts/runtime.88567fb5.js[0m
2023-11-14 04:06:15.820 -0800 [debug] ([34mdata-util.js[0m) [31mRead {}[0m
2023-11-14 04:06:15.822 -0800 [debug] ([34miframe.js[0m) [31mResponding to product with {"configs":{},"displayName":"UI3","product":{"freshdesk":{"location":{"ticket_sidebar":{"url":"agent/index.html","icon":"agent/icon.svg"}}}},"features":["db"],"actions":false,"omni":false,"products":["freshdesk"],"platform":"2.2","v2":[]}[0m
2023-11-14 04:06:18.467 -0800 [debug] ([34mdata-util.js[0m) [31mRead {}[0m
2023-11-14 04:06:18.468 -0800 [debug] ([34miframe.js[0m) [31mResponding to product with {"configs":{},"displayName":"UI3","product":{"freshdesk":{"location":{"ticket_sidebar":{"url":"agent/index.html","icon":"agent/icon.svg"}}}},"features":["db"],"actions":false,"omni":false,"products":["freshdesk"],"platform":"2.2","v2":[]}[0m
2023-11-14 04:06:18.990 -0800 [debug] ([34mdata-util.js[0m) [31mRead {}[0m
2023-11-14 04:06:18.990 -0800 [debug] ([34miframe.js[0m) [31mResponding to product with {"configs":{},"displayName":"UI3","product":{"freshdesk":{"location":{"ticket_sidebar":{"url":"agent/index.html","icon":"agent/icon.svg"}}}},"features":["db"],"actions":false,"omni":false,"products":["freshdesk"],"platform":"2.2","v2":[]}[0m
2023-11-14 04:06:19.103 -0800 [debug] ([34mdata-util.js[0m) [31mRead {}[0m
2023-11-14 04:06:19.104 -0800 [debug] ([34miframe.js[0m) [31mResponding to product with {"configs":{},"displayName":"UI3","product":{"freshdesk":{"location":{"ticket_sidebar":{"url":"agent/index.html","icon":"agent/icon.svg"}}}},"features":["db"],"actions":false,"omni":false,"products":["freshdesk"],"platform":"2.2","v2":[]}[0m
2023-11-14 04:06:19.212 -0800 [debug] ([34mdata-util.js[0m) [31mRead {}[0m
2023-11-14 04:06:19.213 -0800 [debug] ([34miframe.js[0m) [31mResponding to product with {"configs":{},"displayName":"UI3","product":{"freshdesk":{"location":{"ticket_sidebar":{"url":"agent/index.html","icon":"agent/icon.svg"}}}},"features":["db"],"actions":false,"omni":false,"products":["freshdesk"],"platform":"2.2","v2":[]}[0m
2023-11-14 04:06:19.299 -0800 [debug] ([34mdata-util.js[0m) [31mRead {}[0m
2023-11-14 04:06:19.300 -0800 [debug] ([34miframe.js[0m) [31mResponding to product with {"configs":{},"displayName":"UI3","product":{"freshdesk":{"location":{"ticket_sidebar":{"url":"agent/index.html","icon":"agent/icon.svg"}}}},"features":["db"],"actions":false,"omni":false,"products":["freshdesk"],"platform":"2.2","v2":[]}[0m
2023-11-14 04:06:19.369 -0800 [debug] ([34mdata-util.js[0m) [31mRead {}[0m
2023-11-14 04:06:19.369 -0800 [debug] ([34miframe.js[0m) [31mResponding to product with {"configs":{},"displayName":"UI3","product":{"freshdesk":{"location":{"ticket_sidebar":{"url":"agent/index.html","icon":"agent/icon.svg"}}}},"features":["db"],"actions":false,"omni":false,"products":["freshdesk"],"platform":"2.2","v2":[]}[0m
2023-11-14 04:06:19.479 -0800 [debug] ([34mdata-util.js[0m) [31mRead {}[0m
2023-11-14 04:06:19.481 -0800 [debug] ([34miframe.js[0m) [31mResponding to product with {"configs":{},"displayName":"UI3","product":{"freshdesk":{"location":{"ticket_sidebar":{"url":"agent/index.html","icon":"agent/icon.svg"}}}},"features":["db"],"actions":false,"omni":false,"products":["freshdesk"],"platform":"2.2","v2":[]}[0m
2023-11-14 04:06:19.560 -0800 [debug] ([34mdata-util.js[0m) [31mRead {}[0m
2023-11-14 04:06:19.561 -0800 [debug] ([34miframe.js[0m) [31mResponding to product with {"configs":{},"displayName":"UI3","product":{"freshdesk":{"location":{"ticket_sidebar":{"url":"agent/index.html","icon":"agent/icon.svg"}}}},"features":["db"],"actions":false,"omni":false,"products":["freshdesk"],"platform":"2.2","v2":[]}[0m
2023-11-14 04:06:19.606 -0800 [debug] ([34miframe.js[0m) [31mResponding with contents of /index.html[0m
2023-11-14 04:06:20.373 -0800 [debug] ([34miframe.js[0m) [31mResponding with contents of /scripts/runtime.88567fb5.js[0m
2023-11-14 04:06:20.416 -0800 [debug] ([34mcoverage-util.js[0m) [31mSkipped instrumenting ./app/scripts/runtime.88567fb5.js[0m
2023-11-14 04:06:20.420 -0800 [debug] ([34miframe.js[0m) [31mResponding with contents of /scripts/vendors.45fe4bb5.js[0m
2023-11-14 04:06:20.474 -0800 [debug] ([34mcoverage-util.js[0m) [31mSkipped instrumenting ./app/scripts/vendors.45fe4bb5.js[0m
2023-11-14 04:06:20.487 -0800 [debug] ([34miframe.js[0m) [31mResponding with contents of /scripts/main.5b84bc43.js[0m
2023-11-14 04:06:20.592 -0800 [debug] ([34mcoverage-util.js[0m) [31mSkipped instrumenting ./app/scripts/main.5b84bc43.js[0m
2023-11-14 04:17:56.402 -0800 [debug] ([34mwatcher.js[0m) [31mBroadcasted "{"file":"app\\index.html"}" to all listeners.[0m
2023-11-14 04:18:01.820 -0800 [debug] ([34miframe.js[0m) [31mResponding with contents of /index.html[0m
2023-11-14 04:18:04.111 -0800 [debug] ([34miframe.js[0m) [31mResponding with contents of /scripts/runtime.88567fb5.js[0m
2023-11-14 04:18:05.054 -0800 [debug] ([34mcoverage-util.js[0m) [31mSkipped instrumenting ./app/scripts/runtime.88567fb5.js[0m
2023-11-14 04:18:05.263 -0800 [debug] ([34miframe.js[0m) [31mResponding with contents of /scripts/vendors.45fe4bb5.js[0m
2023-11-14 04:18:05.852 -0800 [debug] ([34mcoverage-util.js[0m) [31mSkipped instrumenting ./app/scripts/vendors.45fe4bb5.js[0m
2023-11-14 04:18:05.866 -0800 [debug] ([34miframe.js[0m) [31mResponding with contents of /scripts/main.5b84bc43.js[0m
2023-11-14 04:18:06.243 -0800 [debug] ([34mcoverage-util.js[0m) [31mSkipped instrumenting ./app/scripts/main.5b84bc43.js[0m
2023-11-14 04:23:44.795 -0800 [debug] ([34mwatcher.js[0m) [31mBroadcasted "{"file":"app\\index.html"}" to all listeners.[0m
2023-11-14 04:23:55.209 -0800 [debug] ([34mwatcher.js[0m) [31mBroadcasted "{"file":"app\\index.html"}" to all listeners.[0m
2023-11-14 04:23:57.229 -0800 [debug] ([34mwatcher.js[0m) [31mBroadcasted "{"file":"app\\index.html"}" to all listeners.[0m
2023-11-14 04:24:44.868 -0800 [debug] ([34mwatcher.js[0m) [31mBroadcasted "{"file":"app\\index.html"}" to all listeners.[0m
2023-11-14 04:25:44.528 -0800 [debug] ([34mwatcher.js[0m) [31mBroadcasted "{"file":"app\\index.html"}" to all listeners.[0m
2023-11-14 04:25:49.239 -0800 [debug] ([34mwatcher.js[0m) [31mBroadcasted "{"file":"app\\index.html"}" to all listeners.[0m
2023-11-14 04:25:52.969 -0800 [debug] ([34mwatcher.js[0m) [31mBroadcasted "{"file":"app\\index.html"}" to all listeners.[0m
2023-11-14 04:30:10.058 -0800 [debug] ([34mwatcher.js[0m) [31mBroadcasted "{"file":"app\\index.html"}" to all listeners.[0m
2023-11-14 04:30:28.146 -0800 [debug] ([34mdata-util.js[0m) [31mRead {}[0m
2023-11-14 04:30:28.433 -0800 [debug] ([34miframe.js[0m) [31mResponding to product with {"configs":{},"displayName":"UI3","product":{"freshdesk":{"location":{"ticket_sidebar":{"url":"agent/index.html","icon":"agent/icon.svg"}}}},"features":["db"],"actions":false,"omni":false,"products":["freshdesk"],"platform":"2.2","v2":[]}[0m
2023-11-14 04:30:31.286 -0800 [debug] ([34mdata-util.js[0m) [31mRead {}[0m
2023-11-14 04:30:31.286 -0800 [debug] ([34miframe.js[0m) [31mResponding to product with {"configs":{},"displayName":"UI3","product":{"freshdesk":{"location":{"ticket_sidebar":{"url":"agent/index.html","icon":"agent/icon.svg"}}}},"features":["db"],"actions":false,"omni":false,"products":["freshdesk"],"platform":"2.2","v2":[]}[0m
2023-11-14 04:30:31.492 -0800 [debug] ([34mdata-util.js[0m) [31mRead {}[0m
2023-11-14 04:30:31.494 -0800 [debug] ([34miframe.js[0m) [31mResponding to product with {"configs":{},"displayName":"UI3","product":{"freshdesk":{"location":{"ticket_sidebar":{"url":"agent/index.html","icon":"agent/icon.svg"}}}},"features":["db"],"actions":false,"omni":false,"products":["freshdesk"],"platform":"2.2","v2":[]}[0m
2023-11-14 04:30:50.294 -0800 [debug] ([34mdata-util.js[0m) [31mRead {}[0m
2023-11-14 04:30:50.295 -0800 [debug] ([34miframe.js[0m) [31mResponding to product with {"configs":{},"displayName":"UI3","product":{"freshdesk":{"location":{"ticket_sidebar":{"url":"agent/index.html","icon":"agent/icon.svg"}}}},"features":["db"],"actions":false,"omni":false,"products":["freshdesk"],"platform":"2.2","v2":[]}[0m
2023-11-14 04:30:53.901 -0800 [debug] ([34mdata-util.js[0m) [31mRead {}[0m
2023-11-14 04:30:53.902 -0800 [debug] ([34miframe.js[0m) [31mResponding to product with {"configs":{},"displayName":"UI3","product":{"freshdesk":{"location":{"ticket_sidebar":{"url":"agent/index.html","icon":"agent/icon.svg"}}}},"features":["db"],"actions":false,"omni":false,"products":["freshdesk"],"platform":"2.2","v2":[]}[0m
2023-11-14 04:30:55.278 -0800 [debug] ([34mdata-util.js[0m) [31mRead {}[0m
2023-11-14 04:30:55.279 -0800 [debug] ([34miframe.js[0m) [31mResponding to product with {"configs":{},"displayName":"UI3","product":{"freshdesk":{"location":{"ticket_sidebar":{"url":"agent/index.html","icon":"agent/icon.svg"}}}},"features":["db"],"actions":false,"omni":false,"products":["freshdesk"],"platform":"2.2","v2":[]}[0m
2023-11-14 04:30:55.935 -0800 [debug] ([34miframe.js[0m) [31mResponding with contents of /index.html[0m
2023-11-14 04:31:03.112 -0800 [debug] ([34miframe.js[0m) [31mResponding with contents of /scripts/runtime.82ac785f.js[0m
2023-11-14 04:31:03.250 -0800 [debug] ([34mcoverage-util.js[0m) [31mSkipped instrumenting ./app/scripts/runtime.82ac785f.js[0m
2023-11-14 04:31:03.255 -0800 [debug] ([34miframe.js[0m) [31mResponding with contents of /scripts/vendors.f500d611.js[0m
2023-11-14 04:31:03.473 -0800 [debug] ([34mcoverage-util.js[0m) [31mSkipped instrumenting ./app/scripts/vendors.f500d611.js[0m
2023-11-14 04:31:03.768 -0800 [debug] ([34miframe.js[0m) [31mResponding with contents of /scripts/main.37a49ac7.js[0m
2023-11-14 04:31:03.836 -0800 [debug] ([34mcoverage-util.js[0m) [31mSkipped instrumenting ./app/scripts/main.37a49ac7.js[0m
2023-11-14 04:31:04.394 -0800 [debug] ([34mdata-util.js[0m) [31mRead {}[0m
2023-11-14 04:31:04.394 -0800 [debug] ([34miframe.js[0m) [31mResponding to product with {"configs":{},"displayName":"UI3","product":{"freshdesk":{"location":{"ticket_sidebar":{"url":"agent/index.html","icon":"agent/icon.svg"}}}},"features":["db"],"actions":false,"omni":false,"products":["freshdesk"],"platform":"2.2","v2":[]}[0m
2023-11-14 04:31:09.355 -0800 [debug] ([34mdata-util.js[0m) [31mRead {}[0m
2023-11-14 04:31:09.356 -0800 [debug] ([34miframe.js[0m) [31mResponding to product with {"configs":{},"displayName":"UI3","product":{"freshdesk":{"location":{"ticket_sidebar":{"url":"agent/index.html","icon":"agent/icon.svg"}}}},"features":["db"],"actions":false,"omni":false,"products":["freshdesk"],"platform":"2.2","v2":[]}[0m
2023-11-14 04:31:14.552 -0800 [debug] ([34mdata-util.js[0m) [31mRead {}[0m
2023-11-14 04:31:14.553 -0800 [debug] ([34miframe.js[0m) [31mResponding to product with {"configs":{},"displayName":"UI3","product":{"freshdesk":{"location":{"ticket_sidebar":{"url":"agent/index.html","icon":"agent/icon.svg"}}}},"features":["db"],"actions":false,"omni":false,"products":["freshdesk"],"platform":"2.2","v2":[]}[0m
2023-11-14 04:31:14.630 -0800 [debug] ([34mdata-util.js[0m) [31mRead {}[0m
2023-11-14 04:31:14.631 -0800 [debug] ([34miframe.js[0m) [31mResponding to product with {"configs":{},"displayName":"UI3","product":{"freshdesk":{"location":{"ticket_sidebar":{"url":"agent/index.html","icon":"agent/icon.svg"}}}},"features":["db"],"actions":false,"omni":false,"products":["freshdesk"],"platform":"2.2","v2":[]}[0m
2023-11-14 04:31:14.890 -0800 [debug] ([34mdata-util.js[0m) [31mRead {}[0m
2023-11-14 04:31:14.892 -0800 [debug] ([34miframe.js[0m) [31mResponding to product with {"configs":{},"displayName":"UI3","product":{"freshdesk":{"location":{"ticket_sidebar":{"url":"agent/index.html","icon":"agent/icon.svg"}}}},"features":["db"],"actions":false,"omni":false,"products":["freshdesk"],"platform":"2.2","v2":[]}[0m
2023-11-14 04:31:15.673 -0800 [debug] ([34mdata-util.js[0m) [31mRead {}[0m
2023-11-14 04:31:15.674 -0800 [debug] ([34miframe.js[0m) [31mResponding to product with {"configs":{},"displayName":"UI3","product":{"freshdesk":{"location":{"ticket_sidebar":{"url":"agent/index.html","icon":"agent/icon.svg"}}}},"features":["db"],"actions":false,"omni":false,"products":["freshdesk"],"platform":"2.2","v2":[]}[0m
2023-11-14 04:31:15.743 -0800 [debug] ([34mdata-util.js[0m) [31mRead {}[0m
2023-11-14 04:31:15.743 -0800 [debug] ([34miframe.js[0m) [31mResponding to product with {"configs":{},"displayName":"UI3","product":{"freshdesk":{"location":{"ticket_sidebar":{"url":"agent/index.html","icon":"agent/icon.svg"}}}},"features":["db"],"actions":false,"omni":false,"products":["freshdesk"],"platform":"2.2","v2":[]}[0m
2023-11-14 04:31:15.815 -0800 [debug] ([34mdata-util.js[0m) [31mRead {}[0m
2023-11-14 04:31:15.816 -0800 [debug] ([34miframe.js[0m) [31mResponding to product with {"configs":{},"displayName":"UI3","product":{"freshdesk":{"location":{"ticket_sidebar":{"url":"agent/index.html","icon":"agent/icon.svg"}}}},"features":["db"],"actions":false,"omni":false,"products":["freshdesk"],"platform":"2.2","v2":[]}[0m
2023-11-14 04:31:15.890 -0800 [debug] ([34mdata-util.js[0m) [31mRead {}[0m
2023-11-14 04:31:15.890 -0800 [debug] ([34miframe.js[0m) [31mResponding to product with {"configs":{},"displayName":"UI3","product":{"freshdesk":{"location":{"ticket_sidebar":{"url":"agent/index.html","icon":"agent/icon.svg"}}}},"features":["db"],"actions":false,"omni":false,"products":["freshdesk"],"platform":"2.2","v2":[]}[0m
2023-11-14 04:31:16.120 -0800 [debug] ([34miframe.js[0m) [31mResponding with contents of /index.html[0m
2023-11-14 04:31:16.630 -0800 [debug] ([34miframe.js[0m) [31mResponding with contents of /scripts/runtime.82ac785f.js[0m
2023-11-14 04:31:16.631 -0800 [debug] ([34mcoverage-util.js[0m) [31mSkipped instrumenting ./app/scripts/runtime.82ac785f.js[0m
2023-11-14 04:31:16.634 -0800 [debug] ([34miframe.js[0m) [31mResponding with contents of /scripts/vendors.f500d611.js[0m
2023-11-14 04:31:16.651 -0800 [debug] ([34mcoverage-util.js[0m) [31mSkipped instrumenting ./app/scripts/vendors.f500d611.js[0m
2023-11-14 04:31:18.097 -0800 [debug] ([34mdata-util.js[0m) [31mRead {}[0m
2023-11-14 04:31:18.098 -0800 [debug] ([34miframe.js[0m) [31mResponding to product with {"configs":{},"displayName":"UI3","product":{"freshdesk":{"location":{"ticket_sidebar":{"url":"agent/index.html","icon":"agent/icon.svg"}}}},"features":["db"],"actions":false,"omni":false,"products":["freshdesk"],"platform":"2.2","v2":[]}[0m
2023-11-14 04:31:20.277 -0800 [debug] ([34miframe.js[0m) [31mResponding with contents of /scripts/main.37a49ac7.js[0m
2023-11-14 04:31:20.837 -0800 [debug] ([34mcoverage-util.js[0m) [31mSkipped instrumenting ./app/scripts/main.37a49ac7.js[0m
2023-11-14 04:40:03.332 -0800 [debug] ([34mdata-util.js[0m) [31mRead {}[0m
2023-11-14 04:40:03.349 -0800 [debug] ([34miframe.js[0m) [31mResponding to product with {"configs":{},"displayName":"UI3","product":{"freshdesk":{"location":{"ticket_sidebar":{"url":"agent/index.html","icon":"agent/icon.svg"}}}},"features":["db"],"actions":false,"omni":false,"products":["freshdesk"],"platform":"2.2","v2":[]}[0m
2023-11-14 04:40:04.584 -0800 [debug] ([34mdata-util.js[0m) [31mRead {}[0m
2023-11-14 04:40:04.585 -0800 [debug] ([34miframe.js[0m) [31mResponding to product with {"configs":{},"displayName":"UI3","product":{"freshdesk":{"location":{"ticket_sidebar":{"url":"agent/index.html","icon":"agent/icon.svg"}}}},"features":["db"],"actions":false,"omni":false,"products":["freshdesk"],"platform":"2.2","v2":[]}[0m
2023-11-14 04:40:04.673 -0800 [debug] ([34mdata-util.js[0m) [31mRead {}[0m
2023-11-14 04:40:04.702 -0800 [debug] ([34miframe.js[0m) [31mResponding to product with {"configs":{},"displayName":"UI3","product":{"freshdesk":{"location":{"ticket_sidebar":{"url":"agent/index.html","icon":"agent/icon.svg"}}}},"features":["db"],"actions":false,"omni":false,"products":["freshdesk"],"platform":"2.2","v2":[]}[0m
2023-11-14 04:40:04.893 -0800 [debug] ([34mdata-util.js[0m) [31mRead {}[0m
2023-11-14 04:40:04.894 -0800 [debug] ([34miframe.js[0m) [31mResponding to product with {"configs":{},"displayName":"UI3","product":{"freshdesk":{"location":{"ticket_sidebar":{"url":"agent/index.html","icon":"agent/icon.svg"}}}},"features":["db"],"actions":false,"omni":false,"products":["freshdesk"],"platform":"2.2","v2":[]}[0m
2023-11-14 04:40:05.090 -0800 [debug] ([34mdata-util.js[0m) [31mRead {}[0m
2023-11-14 04:40:05.143 -0800 [debug] ([34miframe.js[0m) [31mResponding to product with {"configs":{},"displayName":"UI3","product":{"freshdesk":{"location":{"ticket_sidebar":{"url":"agent/index.html","icon":"agent/icon.svg"}}}},"features":["db"],"actions":false,"omni":false,"products":["freshdesk"],"platform":"2.2","v2":[]}[0m
2023-11-14 04:40:05.285 -0800 [debug] ([34mdata-util.js[0m) [31mRead {}[0m
2023-11-14 04:40:05.406 -0800 [debug] ([34miframe.js[0m) [31mResponding to product with {"configs":{},"displayName":"UI3","product":{"freshdesk":{"location":{"ticket_sidebar":{"url":"agent/index.html","icon":"agent/icon.svg"}}}},"features":["db"],"actions":false,"omni":false,"products":["freshdesk"],"platform":"2.2","v2":[]}[0m
2023-11-14 04:40:05.510 -0800 [debug] ([34mdata-util.js[0m) [31mRead {}[0m
2023-11-14 04:40:05.511 -0800 [debug] ([34miframe.js[0m) [31mResponding to product with {"configs":{},"displayName":"UI3","product":{"freshdesk":{"location":{"ticket_sidebar":{"url":"agent/index.html","icon":"agent/icon.svg"}}}},"features":["db"],"actions":false,"omni":false,"products":["freshdesk"],"platform":"2.2","v2":[]}[0m
2023-11-14 04:40:05.745 -0800 [debug] ([34mdata-util.js[0m) [31mRead {}[0m
2023-11-14 04:40:05.746 -0800 [debug] ([34miframe.js[0m) [31mResponding to product with {"configs":{},"displayName":"UI3","product":{"freshdesk":{"location":{"ticket_sidebar":{"url":"agent/index.html","icon":"agent/icon.svg"}}}},"features":["db"],"actions":false,"omni":false,"products":["freshdesk"],"platform":"2.2","v2":[]}[0m
2023-11-14 04:40:06.017 -0800 [debug] ([34miframe.js[0m) [31mResponding with contents of /index.html[0m
2023-11-14 04:40:06.563 -0800 [debug] ([34miframe.js[0m) [31mResponding with contents of /scripts/runtime.82ac785f.js[0m
2023-11-14 04:40:06.708 -0800 [debug] ([34mcoverage-util.js[0m) [31mSkipped instrumenting ./app/scripts/runtime.82ac785f.js[0m
2023-11-14 04:40:06.728 -0800 [debug] ([34mdata-util.js[0m) [31mRead {}[0m
2023-11-14 04:40:06.831 -0800 [debug] ([34miframe.js[0m) [31mResponding to product with {"configs":{},"displayName":"UI3","product":{"freshdesk":{"location":{"ticket_sidebar":{"url":"agent/index.html","icon":"agent/icon.svg"}}}},"features":["db"],"actions":false,"omni":false,"products":["freshdesk"],"platform":"2.2","v2":[]}[0m
2023-11-14 04:40:06.967 -0800 [debug] ([34miframe.js[0m) [31mResponding with contents of /scripts/vendors.f500d611.js[0m
2023-11-14 04:40:13.248 -0800 [debug] ([34mcoverage-util.js[0m) [31mSkipped instrumenting ./app/scripts/vendors.f500d611.js[0m
2023-11-14 04:40:13.353 -0800 [debug] ([34miframe.js[0m) [31mResponding with contents of /scripts/main.37a49ac7.js[0m
2023-11-14 04:40:13.543 -0800 [debug] ([34mcoverage-util.js[0m) [31mSkipped instrumenting ./app/scripts/main.37a49ac7.js[0m
2023-11-14 04:52:17.621 -0800 [debug] ([34mconfigs.js[0m) [31mloaded default configs as "{"updates":{"manifest_url":"https://ws.freshdev.io/cli/updates.json","period":24},"log":{"level":"info"},"javascript":{"ecma_version":2020},"request":{"timeout":5000}}"[0m
2023-11-14 04:52:17.787 -0800 [debug] ([34mfile-util.js[0m) [31mError while requiring C:\Users\Chand/.fdk/configs.json: Cannot find module 'C:\Users\Chand/.fdk/configs.json'
Require stack:
- C:\Users\Chand\AppData\Roaming\npm\node_modules\fdk\lib\utils\file-util.js
- C:\Users\Chand\AppData\Roaming\npm\node_modules\fdk\lib\configs.js
- C:\Users\Chand\AppData\Roaming\npm\node_modules\fdk\lib\logger.js
- C:\Users\Chand\AppData\Roaming\npm\node_modules\fdk\index.js[0m
2023-11-14 04:52:17.788 -0800 [debug] ([34mconfigs.js[0m) [31mloaded global configs as "{}"[0m
2023-11-14 04:52:17.789 -0800 [debug] ([34mfile-util.js[0m) [31mError while requiring E:\Project\E-commerce\UI3/.fdk/configs.json: Cannot find module 'E:\Project\E-commerce\UI3/.fdk/configs.json'
Require stack:
- C:\Users\Chand\AppData\Roaming\npm\node_modules\fdk\lib\utils\file-util.js
- C:\Users\Chand\AppData\Roaming\npm\node_modules\fdk\lib\configs.js
- C:\Users\Chand\AppData\Roaming\npm\node_modules\fdk\lib\logger.js
- C:\Users\Chand\AppData\Roaming\npm\node_modules\fdk\index.js[0m
2023-11-14 04:52:17.791 -0800 [debug] ([34mconfigs.js[0m) [31mloaded local configs as "{}"[0m
2023-11-14 04:52:17.792 -0800 [debug] ([34mconfigs.js[0m) [31mloaded env configs as "{"updates":{},"log":{},"javascript":{},"request":{"timeout":5000}}"[0m
2023-11-14 04:52:17.793 -0800 [debug] ([34mconfigs.js[0m) [31mloaded resolved configs as "{"updates":{"manifest_url":"https://ws.freshdev.io/cli/updates.json","period":24},"log":{"level":"info"},"javascript":{"ecma_version":2020},"request":{"timeout":5000}}"[0m
2023-11-14 04:52:17.794 -0800 [debug] ([34mlogger.js[0m) [31mStarting FDK in node v14.21.3 on win32[0m
2023-11-14 04:52:17.794 -0800 [debug] ([34msequelize.js[0m) [31msetting up sqilite at "E:\Project\E-commerce\UI3/.fdk/store.sqlite"[0m
2023-11-14 04:52:17.795 -0800 [debug] ([34mindex.js[0m) [31mRunning with args {"cmd":"run","gopts":{},"opts":{},"goptArg":{},"optArg":{},"args":[]}[0m
2023-11-14 04:52:17.796 -0800 [debug] ([34mdata-util.js[0m) [31mRead {"version_details":{"cli":{"deprecated":{"version":"<9","message":"This FDK version will be deprecated by September 30, 2023 There will be no further feature updates to this version. For a seamless app building experience, ensure to move to the latest FDK version. For more information, see https://developers.freshdesk.com/v2/docs/migration-overview/#latest_platform_version_migration."},"forced":{"version":"7.0.0","command":"npm install https://dl.freshdev.io/cli/fdk-7.0.0.tgz -g","message":"Your FDK version has been forced updated to v7.0.0, please visit https://community.developers.freshworks.com/t/fdk-v7-0-announcing-node-js-v12-and-es6-support/3606 to know more"},"latest":{"version":"8.6.7","command":"npm install https://dl.freshdev.io/cli/fdk.tgz -g","message":"This FDK version will be deprecated by July 31, 2023 There will be no further feature updates to this version. For a seamless app building experience, ensure to move to the latest FDK version. For more information, see https://developers.freshdesk.com/v2/docs/migration-overview/#latest_platform_version_migration."}},"addon":{"version":"1.12.0","url":"https://dl.freshdev.io/cli-addon/addon.zip"}},"last_updated":{"time_stamp":1699878737642}}[0m
2023-11-14 04:52:17.796 -0800 [debug] ([34mupdater.js[0m) [31mlast check more than 24 hours ago, looking for updates again[0m
2023-11-14 04:52:19.876 -0800 [debug] ([34mupdater.js[0m) [31mdownloaded update manifest as {"cli":{"deprecated":{"version":"<9","message":"This FDK version will be deprecated by September 30, 2023 There will be no further feature updates to this version. For a seamless app building experience, ensure to move to the latest FDK version. For more information, see https://developers.freshdesk.com/v2/docs/migration-overview/#latest_platform_version_migration."},"forced":{"version":"7.0.0","command":"npm install https://dl.freshdev.io/cli/fdk-7.0.0.tgz -g","message":"Your FDK version has been forced updated to v7.0.0, please visit https://community.developers.freshworks.com/t/fdk-v7-0-announcing-node-js-v12-and-es6-support/3606 to know more"},"latest":{"version":"8.6.7","command":"npm install https://dl.freshdev.io/cli/fdk.tgz -g","message":"This FDK version will be deprecated by July 31, 2023 There will be no further feature updates to this version. For a seamless app building experience, ensure to move to the latest FDK version. For more information, see https://developers.freshdesk.com/v2/docs/migration-overview/#latest_platform_version_migration."}},"addon":{"version":"1.12.0","url":"https://dl.freshdev.io/cli-addon/addon.zip"}}[0m
2023-11-14 04:52:19.878 -0800 [debug] ([34mdata-util.js[0m) [31mRead {"version_details":{"cli":{"deprecated":{"version":"<9","message":"This FDK version will be deprecated by September 30, 2023 There will be no further feature updates to this version. For a seamless app building experience, ensure to move to the latest FDK version. For more information, see https://developers.freshdesk.com/v2/docs/migration-overview/#latest_platform_version_migration."},"forced":{"version":"7.0.0","command":"npm install https://dl.freshdev.io/cli/fdk-7.0.0.tgz -g","message":"Your FDK version has been forced updated to v7.0.0, please visit https://community.developers.freshworks.com/t/fdk-v7-0-announcing-node-js-v12-and-es6-support/3606 to know more"},"latest":{"version":"8.6.7","command":"npm install https://dl.freshdev.io/cli/fdk.tgz -g","message":"This FDK version will be deprecated by July 31, 2023 There will be no further feature updates to this version. For a seamless app building experience, ensure to move to the latest FDK version. For more information, see https://developers.freshdesk.com/v2/docs/migration-overview/#latest_platform_version_migration."}},"addon":{"version":"1.12.0","url":"https://dl.freshdev.io/cli-addon/addon.zip"}},"last_updated":{"time_stamp":1699878737642}}[0m
2023-11-14 04:52:19.881 -0800 [debug] ([34mdata-util.js[0m) [31mRead {"version_details":{"cli":{"deprecated":{"version":"<9","message":"This FDK version will be deprecated by September 30, 2023 There will be no further feature updates to this version. For a seamless app building experience, ensure to move to the latest FDK version. For more information, see https://developers.freshdesk.com/v2/docs/migration-overview/#latest_platform_version_migration."},"forced":{"version":"7.0.0","command":"npm install https://dl.freshdev.io/cli/fdk-7.0.0.tgz -g","message":"Your FDK version has been forced updated to v7.0.0, please visit https://community.developers.freshworks.com/t/fdk-v7-0-announcing-node-js-v12-and-es6-support/3606 to know more"},"latest":{"version":"8.6.7","command":"npm install https://dl.freshdev.io/cli/fdk.tgz -g","message":"This FDK version will be deprecated by July 31, 2023 There will be no further feature updates to this version. For a seamless app building experience, ensure to move to the latest FDK version. For more information, see https://developers.freshdesk.com/v2/docs/migration-overview/#latest_platform_version_migration."}},"addon":{"version":"1.12.0","url":"https://dl.freshdev.io/cli-addon/addon.zip"}},"last_updated":{"time_stamp":1699878737642}}[0m
2023-11-14 04:52:43.780 -0800 [debug] ([34mdata-util.js[0m) [31mRead {"version_details":{"cli":{"deprecated":{"version":"<9","message":"This FDK version will be deprecated by September 30, 2023 There will be no further feature updates to this version. For a seamless app building experience, ensure to move to the latest FDK version. For more information, see https://developers.freshdesk.com/v2/docs/migration-overview/#latest_platform_version_migration."},"forced":{"version":"7.0.0","command":"npm install https://dl.freshdev.io/cli/fdk-7.0.0.tgz -g","message":"Your FDK version has been forced updated to v7.0.0, please visit https://community.developers.freshworks.com/t/fdk-v7-0-announcing-node-js-v12-and-es6-support/3606 to know more"},"latest":{"version":"8.6.7","command":"npm install https://dl.freshdev.io/cli/fdk.tgz -g","message":"This FDK version will be deprecated by July 31, 2023 There will be no further feature updates to this version. For a seamless app building experience, ensure to move to the latest FDK version. For more information, see https://developers.freshdesk.com/v2/docs/migration-overview/#latest_platform_version_migration."}},"addon":{"version":"1.12.0","url":"https://dl.freshdev.io/cli-addon/addon.zip"}},"last_updated":{"time_stamp":1699878737642}}[0m
2023-11-14 04:52:43.831 -0800 [warn] [33m[WARN][0m This FDK version will be deprecated by September 30, 2023 There will be no further feature updates to this version. For a seamless app building experience, ensure to move to the latest FDK version. For more information, see https://developers.freshdesk.com/v2/docs/migration-overview/#latest_platform_version_migration.

2023-11-14 04:53:59.440 -0800 [debug] ([34mmanifest.js[0m) [31mReloading manifest with {"platform-version":"2.2","product":{"freshdesk":{"location":{"ticket_sidebar":{"url":"index.html","icon":"icon.svg"}}}},"whitelisted-domains":[],"engines":{"node":"14.21.3","fdk":"8.6.7"}}.[0m
2023-11-14 04:53:59.441 -0800 [debug] ([34mmanifest.js[0m) [31mInferred db as features.[0m
2023-11-14 04:53:59.630 -0800 [debug] ([34mdata-util.js[0m) [31mRead {"version_details":{"cli":{"deprecated":{"version":"<9","message":"This FDK version will be deprecated by September 30, 2023 There will be no further feature updates to this version. For a seamless app building experience, ensure to move to the latest FDK version. For more information, see https://developers.freshdesk.com/v2/docs/migration-overview/#latest_platform_version_migration."},"forced":{"version":"7.0.0","command":"npm install https://dl.freshdev.io/cli/fdk-7.0.0.tgz -g","message":"Your FDK version has been forced updated to v7.0.0, please visit https://community.developers.freshworks.com/t/fdk-v7-0-announcing-node-js-v12-and-es6-support/3606 to know more"},"latest":{"version":"8.6.7","command":"npm install https://dl.freshdev.io/cli/fdk.tgz -g","message":"This FDK version will be deprecated by July 31, 2023 There will be no further feature updates to this version. For a seamless app building experience, ensure to move to the latest FDK version. For more information, see https://developers.freshdesk.com/v2/docs/migration-overview/#latest_platform_version_migration."}},"addon":{"version":"1.12.0","url":"https://dl.freshdev.io/cli-addon/addon.zip"}},"last_updated":{"time_stamp":1699966339884}}[0m
2023-11-14 04:54:03.105 -0800 [debug] ([34mdata-util.js[0m) [31mRead {"version_details":{"cli":{"deprecated":{"version":"<9","message":"This FDK version will be deprecated by September 30, 2023 There will be no further feature updates to this version. For a seamless app building experience, ensure to move to the latest FDK version. For more information, see https://developers.freshdesk.com/v2/docs/migration-overview/#latest_platform_version_migration."},"forced":{"version":"7.0.0","command":"npm install https://dl.freshdev.io/cli/fdk-7.0.0.tgz -g","message":"Your FDK version has been forced updated to v7.0.0, please visit https://community.developers.freshworks.com/t/fdk-v7-0-announcing-node-js-v12-and-es6-support/3606 to know more"},"latest":{"version":"8.6.7","command":"npm install https://dl.freshdev.io/cli/fdk.tgz -g","message":"This FDK version will be deprecated by July 31, 2023 There will be no further feature updates to this version. For a seamless app building experience, ensure to move to the latest FDK version. For more information, see https://developers.freshdesk.com/v2/docs/migration-overview/#latest_platform_version_migration."}},"addon":{"version":"1.12.0","url":"https://dl.freshdev.io/cli-addon/addon.zip"}},"last_updated":{"time_stamp":1699966339884}}[0m
2023-11-14 04:56:09.598 -0800 [debug] ([34mdata-util.js[0m) [31mRead {"version_details":{"cli":{"deprecated":{"version":"<9","message":"This FDK version will be deprecated by September 30, 2023 There will be no further feature updates to this version. For a seamless app building experience, ensure to move to the latest FDK version. For more information, see https://developers.freshdesk.com/v2/docs/migration-overview/#latest_platform_version_migration."},"forced":{"version":"7.0.0","command":"npm install https://dl.freshdev.io/cli/fdk-7.0.0.tgz -g","message":"Your FDK version has been forced updated to v7.0.0, please visit https://community.developers.freshworks.com/t/fdk-v7-0-announcing-node-js-v12-and-es6-support/3606 to know more"},"latest":{"version":"8.6.7","command":"npm install https://dl.freshdev.io/cli/fdk.tgz -g","message":"This FDK version will be deprecated by July 31, 2023 There will be no further feature updates to this version. For a seamless app building experience, ensure to move to the latest FDK version. For more information, see https://developers.freshdesk.com/v2/docs/migration-overview/#latest_platform_version_migration."}},"addon":{"version":"1.12.0","url":"https://dl.freshdev.io/cli-addon/addon.zip"}},"last_updated":{"time_stamp":1699966339884}}[0m
2023-11-14 04:58:21.380 -0800 [debug] ([34mvalidate.js[0m) [31masked to skip the following validations, [0m
2023-11-14 04:58:21.383 -0800 [debug] ([34mvalidate.js[0m) [31mrunning validator actions[0m
2023-11-14 04:58:21.385 -0800 [debug] ([34mvalidate.js[0m) [31mrunning validator app-dir[0m
2023-11-14 04:58:21.466 -0800 [debug] ([34mvalidate.js[0m) [31mrunning validator config-dir[0m
2023-11-14 04:58:21.467 -0800 [debug] ([34mconfig-dir.js[0m) [31mChecking to see if E:\Project\E-commerce\UI3/config/ exists.[0m
2023-11-14 04:58:21.468 -0800 [debug] ([34mconfig-dir.js[0m) [31mFetched the following config files iparams.json[0m
2023-11-14 04:58:21.468 -0800 [debug] ([34mvalidate.js[0m) [31mrunning validator custom-objects[0m
2023-11-14 04:58:21.469 -0800 [debug] ([34mvalidate.js[0m) [31mrunning validator event[0m
2023-11-14 04:58:21.470 -0800 [debug] ([34mvalidate.js[0m) [31mrunning validator iparam[0m
2023-11-14 04:58:21.485 -0800 [debug] ([34mvalidate.js[0m) [31mskipping validator lint[0m
2023-11-14 04:58:21.486 -0800 [debug] ([34mvalidate.js[0m) [31mrunning validator manifest[0m
2023-11-14 04:58:21.487 -0800 [debug] ([34mmanifest.js[0m) [31mrunning manifest validation with type run_validation[0m
2023-11-14 04:58:21.488 -0800 [debug] ([34mvalidate.js[0m) [31mskipping validator manifest-dependency[0m
2023-11-14 04:58:21.488 -0800 [debug] ([34mvalidate.js[0m) [31mrunning validator oauth[0m
2023-11-14 04:58:21.489 -0800 [debug] ([34mvalidate.js[0m) [31mskipping validator pkgsize[0m
2023-11-14 04:58:21.490 -0800 [debug] ([34mvalidate.js[0m) [31mrunning validator schema[0m
2023-11-14 04:58:21.490 -0800 [debug] ([34mvalidate.js[0m) [31mrunning validator version-check[0m
2023-11-14 04:58:21.580 -0800 [debug] ([34mwatcher.js[0m) [31mPreparing to watch the following files ./app,./config,./manifest.json[0m
2023-11-14 04:58:35.880 -0800 [debug] ([34mcoverage-util.js[0m) [31mSnoozing coverage.[0m
2023-11-14 04:58:35.881 -0800 [debug] ([34mfrontend_framework-util.js[0m) [31mMounting the default Webpack config[0m
2023-11-14 05:03:04.339 -0800 [debug] ([34mdata-util.js[0m) [31mRead {}[0m
2023-11-14 05:03:04.342 -0800 [debug] ([34mcustom-objects.js[0m) [31mto force or not? false[0m
2023-11-14 05:03:04.343 -0800 [debug] ([34mcustom-objects.js[0m) [31mbeginning to re-sync db[0m
2023-11-14 05:07:18.026 -0800 [debug] ([34mconfigs.js[0m) [31mloaded default configs as "{"updates":{"manifest_url":"https://ws.freshdev.io/cli/updates.json","period":24},"log":{"level":"info"},"javascript":{"ecma_version":2020},"request":{"timeout":5000}}"[0m
2023-11-14 05:07:18.038 -0800 [debug] ([34mfile-util.js[0m) [31mError while requiring C:\Users\Chand/.fdk/configs.json: Cannot find module 'C:\Users\Chand/.fdk/configs.json'
Require stack:
- C:\Users\Chand\AppData\Roaming\npm\node_modules\fdk\lib\utils\file-util.js
- C:\Users\Chand\AppData\Roaming\npm\node_modules\fdk\lib\configs.js
- C:\Users\Chand\AppData\Roaming\npm\node_modules\fdk\lib\logger.js
- C:\Users\Chand\AppData\Roaming\npm\node_modules\fdk\index.js[0m
2023-11-14 05:07:18.039 -0800 [debug] ([34mconfigs.js[0m) [31mloaded global configs as "{}"[0m
2023-11-14 05:07:18.040 -0800 [debug] ([34mfile-util.js[0m) [31mError while requiring E:\Project\E-commerce\UI3/.fdk/configs.json: Cannot find module 'E:\Project\E-commerce\UI3/.fdk/configs.json'
Require stack:
- C:\Users\Chand\AppData\Roaming\npm\node_modules\fdk\lib\utils\file-util.js
- C:\Users\Chand\AppData\Roaming\npm\node_modules\fdk\lib\configs.js
- C:\Users\Chand\AppData\Roaming\npm\node_modules\fdk\lib\logger.js
- C:\Users\Chand\AppData\Roaming\npm\node_modules\fdk\index.js[0m
2023-11-14 05:07:18.041 -0800 [debug] ([34mconfigs.js[0m) [31mloaded local configs as "{}"[0m
2023-11-14 05:07:18.042 -0800 [debug] ([34mconfigs.js[0m) [31mloaded env configs as "{"updates":{},"log":{},"javascript":{},"request":{"timeout":5000}}"[0m
2023-11-14 05:07:18.042 -0800 [debug] ([34mconfigs.js[0m) [31mloaded resolved configs as "{"updates":{"manifest_url":"https://ws.freshdev.io/cli/updates.json","period":24},"log":{"level":"info"},"javascript":{"ecma_version":2020},"request":{"timeout":5000}}"[0m
2023-11-14 05:07:18.043 -0800 [debug] ([34mlogger.js[0m) [31mStarting FDK in node v14.21.3 on win32[0m
2023-11-14 05:07:18.044 -0800 [debug] ([34msequelize.js[0m) [31msetting up sqilite at "E:\Project\E-commerce\UI3/.fdk/store.sqlite"[0m
2023-11-14 05:07:18.045 -0800 [debug] ([34mindex.js[0m) [31mRunning with args {"cmd":"run","gopts":{},"opts":{},"goptArg":{},"optArg":{},"args":[]}[0m
2023-11-14 05:07:18.046 -0800 [debug] ([34mdata-util.js[0m) [31mRead {"version_details":{"cli":{"deprecated":{"version":"<9","message":"This FDK version will be deprecated by September 30, 2023 There will be no further feature updates to this version. For a seamless app building experience, ensure to move to the latest FDK version. For more information, see https://developers.freshdesk.com/v2/docs/migration-overview/#latest_platform_version_migration."},"forced":{"version":"7.0.0","command":"npm install https://dl.freshdev.io/cli/fdk-7.0.0.tgz -g","message":"Your FDK version has been forced updated to v7.0.0, please visit https://community.developers.freshworks.com/t/fdk-v7-0-announcing-node-js-v12-and-es6-support/3606 to know more"},"latest":{"version":"8.6.7","command":"npm install https://dl.freshdev.io/cli/fdk.tgz -g","message":"This FDK version will be deprecated by July 31, 2023 There will be no further feature updates to this version. For a seamless app building experience, ensure to move to the latest FDK version. For more information, see https://developers.freshdesk.com/v2/docs/migration-overview/#latest_platform_version_migration."}},"addon":{"version":"1.12.0","url":"https://dl.freshdev.io/cli-addon/addon.zip"}},"last_updated":{"time_stamp":1699966339884}}[0m
2023-11-14 05:07:18.046 -0800 [debug] ([34mupdater.js[0m) [31mlast check less than 24 hours ago, not looking for updates[0m
2023-11-14 05:07:25.779 -0800 [debug] ([34mmanifest.js[0m) [31mReloading manifest with {"platform-version":"2.2","product":{"freshdesk":{"location":{"ticket_sidebar":{"url":"index.html","icon":"icon.svg"}}}},"whitelisted-domains":[],"engines":{"node":"14.21.3","fdk":"8.6.7"}}.[0m
2023-11-14 05:07:25.781 -0800 [debug] ([34mmanifest.js[0m) [31mInferred db as features.[0m
2023-11-14 05:07:25.847 -0800 [debug] ([34mdata-util.js[0m) [31mRead {"version_details":{"cli":{"deprecated":{"version":"<9","message":"This FDK version will be deprecated by September 30, 2023 There will be no further feature updates to this version. For a seamless app building experience, ensure to move to the latest FDK version. For more information, see https://developers.freshdesk.com/v2/docs/migration-overview/#latest_platform_version_migration."},"forced":{"version":"7.0.0","command":"npm install https://dl.freshdev.io/cli/fdk-7.0.0.tgz -g","message":"Your FDK version has been forced updated to v7.0.0, please visit https://community.developers.freshworks.com/t/fdk-v7-0-announcing-node-js-v12-and-es6-support/3606 to know more"},"latest":{"version":"8.6.7","command":"npm install https://dl.freshdev.io/cli/fdk.tgz -g","message":"This FDK version will be deprecated by July 31, 2023 There will be no further feature updates to this version. For a seamless app building experience, ensure to move to the latest FDK version. For more information, see https://developers.freshdesk.com/v2/docs/migration-overview/#latest_platform_version_migration."}},"addon":{"version":"1.12.0","url":"https://dl.freshdev.io/cli-addon/addon.zip"}},"last_updated":{"time_stamp":1699966339884}}[0m
2023-11-14 05:07:26.675 -0800 [debug] ([34mdata-util.js[0m) [31mRead {"version_details":{"cli":{"deprecated":{"version":"<9","message":"This FDK version will be deprecated by September 30, 2023 There will be no further feature updates to this version. For a seamless app building experience, ensure to move to the latest FDK version. For more information, see https://developers.freshdesk.com/v2/docs/migration-overview/#latest_platform_version_migration."},"forced":{"version":"7.0.0","command":"npm install https://dl.freshdev.io/cli/fdk-7.0.0.tgz -g","message":"Your FDK version has been forced updated to v7.0.0, please visit https://community.developers.freshworks.com/t/fdk-v7-0-announcing-node-js-v12-and-es6-support/3606 to know more"},"latest":{"version":"8.6.7","command":"npm install https://dl.freshdev.io/cli/fdk.tgz -g","message":"This FDK version will be deprecated by July 31, 2023 There will be no further feature updates to this version. For a seamless app building experience, ensure to move to the latest FDK version. For more information, see https://developers.freshdesk.com/v2/docs/migration-overview/#latest_platform_version_migration."}},"addon":{"version":"1.12.0","url":"https://dl.freshdev.io/cli-addon/addon.zip"}},"last_updated":{"time_stamp":1699966339884}}[0m
2023-11-14 05:08:03.081 -0800 [debug] ([34mdata-util.js[0m) [31mRead {"version_details":{"cli":{"deprecated":{"version":"<9","message":"This FDK version will be deprecated by September 30, 2023 There will be no further feature updates to this version. For a seamless app building experience, ensure to move to the latest FDK version. For more information, see https://developers.freshdesk.com/v2/docs/migration-overview/#latest_platform_version_migration."},"forced":{"version":"7.0.0","command":"npm install https://dl.freshdev.io/cli/fdk-7.0.0.tgz -g","message":"Your FDK version has been forced updated to v7.0.0, please visit https://community.developers.freshworks.com/t/fdk-v7-0-announcing-node-js-v12-and-es6-support/3606 to know more"},"latest":{"version":"8.6.7","command":"npm install https://dl.freshdev.io/cli/fdk.tgz -g","message":"This FDK version will be deprecated by July 31, 2023 There will be no further feature updates to this version. For a seamless app building experience, ensure to move to the latest FDK version. For more information, see https://developers.freshdesk.com/v2/docs/migration-overview/#latest_platform_version_migration."}},"addon":{"version":"1.12.0","url":"https://dl.freshdev.io/cli-addon/addon.zip"}},"last_updated":{"time_stamp":1699966339884}}[0m
2023-11-14 05:08:28.812 -0800 [debug] ([34mvalidate.js[0m) [31masked to skip the following validations, [0m
2023-11-14 05:08:28.815 -0800 [debug] ([34mvalidate.js[0m) [31mrunning validator actions[0m
2023-11-14 05:08:28.815 -0800 [debug] ([34mvalidate.js[0m) [31mrunning validator app-dir[0m
2023-11-14 05:08:28.820 -0800 [debug] ([34mvalidate.js[0m) [31mrunning validator config-dir[0m
2023-11-14 05:08:28.821 -0800 [debug] ([34mconfig-dir.js[0m) [31mChecking to see if E:\Project\E-commerce\UI3/config/ exists.[0m
2023-11-14 05:08:28.822 -0800 [debug] ([34mconfig-dir.js[0m) [31mFetched the following config files iparams.json[0m
2023-11-14 05:08:28.823 -0800 [debug] ([34mvalidate.js[0m) [31mrunning validator custom-objects[0m
2023-11-14 05:08:28.824 -0800 [debug] ([34mvalidate.js[0m) [31mrunning validator event[0m
2023-11-14 05:08:28.824 -0800 [debug] ([34mvalidate.js[0m) [31mrunning validator iparam[0m
2023-11-14 05:08:28.837 -0800 [debug] ([34mvalidate.js[0m) [31mskipping validator lint[0m
2023-11-14 05:08:28.837 -0800 [debug] ([34mvalidate.js[0m) [31mrunning validator manifest[0m
2023-11-14 05:08:28.838 -0800 [debug] ([34mmanifest.js[0m) [31mrunning manifest validation with type run_validation[0m
2023-11-14 05:08:28.839 -0800 [debug] ([34mvalidate.js[0m) [31mskipping validator manifest-dependency[0m
2023-11-14 05:08:28.839 -0800 [debug] ([34mvalidate.js[0m) [31mrunning validator oauth[0m
2023-11-14 05:08:28.840 -0800 [debug] ([34mvalidate.js[0m) [31mskipping validator pkgsize[0m
2023-11-14 05:08:28.840 -0800 [debug] ([34mvalidate.js[0m) [31mrunning validator schema[0m
2023-11-14 05:08:28.841 -0800 [debug] ([34mvalidate.js[0m) [31mrunning validator version-check[0m
2023-11-14 05:08:28.887 -0800 [debug] ([34mwatcher.js[0m) [31mPreparing to watch the following files ./app,./config,./manifest.json[0m
2023-11-14 05:08:30.163 -0800 [debug] ([34mcoverage-util.js[0m) [31mSnoozing coverage.[0m
2023-11-14 05:08:30.164 -0800 [debug] ([34mfrontend_framework-util.js[0m) [31mMounting the default Webpack config[0m
2023-11-14 05:08:47.467 -0800 [debug] ([34mdata-util.js[0m) [31mRead {}[0m
2023-11-14 05:08:47.468 -0800 [debug] ([34mcustom-objects.js[0m) [31mto force or not? false[0m
2023-11-14 05:08:47.468 -0800 [debug] ([34mcustom-objects.js[0m) [31mbeginning to re-sync db[0m
2023-11-14 05:11:16.903 -0800 [debug] ([34mwatcher.js[0m) [31mBroadcasted "{"file":"app\\index.html"}" to all listeners.[0m
2023-11-14 05:12:13.965 -0800 [debug] ([34mindex.js[0m) [31mloading model at "C:\Users\Chand\AppData\Roaming\npm\node_modules\fdk\lib\models\bigint-pivot.js"[0m
2023-11-14 05:12:14.389 -0800 [debug] ([34mindex.js[0m) [31mloading model at "C:\Users\Chand\AppData\Roaming\npm\node_modules\fdk\lib\models\entity-field-choice.js"[0m
2023-11-14 05:12:14.659 -0800 [debug] ([34mindex.js[0m) [31mloading model at "C:\Users\Chand\AppData\Roaming\npm\node_modules\fdk\lib\models\entity-field.js"[0m
2023-11-14 05:12:14.738 -0800 [debug] ([34mindex.js[0m) [31mloading model at "C:\Users\Chand\AppData\Roaming\npm\node_modules\fdk\lib\models\entity.js"[0m
2023-11-14 05:12:14.897 -0800 [debug] ([34mindex.js[0m) [31mloading model at "C:\Users\Chand\AppData\Roaming\npm\node_modules\fdk\lib\models\record.js"[0m
2023-11-14 05:12:15.163 -0800 [debug] ([34mindex.js[0m) [31mloading model at "C:\Users\Chand\AppData\Roaming\npm\node_modules\fdk\lib\models\string-pivot.js"[0m
2023-11-14 05:12:15.439 -0800 [debug] ([34mdata-util.js[0m) [31mRead {}[0m
2023-11-14 05:12:15.443 -0800 [debug] ([34mcustom-objects.js[0m) [31mupdated local store with latest entity hash[0m
2023-11-14 05:12:15.446 -0800 [info] Starting local testing server at http://*:10001/    
Append 'dev=true' to your Freshdesk account URL to start testing    
e.g. https://domain.freshdesk.com/a/tickets/1?dev=true    
Quit the server with Control-C.
2023-11-14 05:12:15.624 -0800 [debug] ([34miframe.js[0m) [31mResponding with contents of /index.html[0m
2023-11-14 05:12:28.254 -0800 [debug] ([34miframe.js[0m) [31mResponding with contents of /scripts/runtime.ff352fdf.js[0m
2023-11-14 05:12:28.256 -0800 [debug] ([34mcoverage-util.js[0m) [31mSkipped instrumenting ./app/scripts/runtime.ff352fdf.js[0m
2023-11-14 05:12:28.259 -0800 [debug] ([34miframe.js[0m) [31mResponding with contents of /scripts/vendors.7b408539.js[0m
2023-11-14 05:12:28.299 -0800 [debug] ([34mcoverage-util.js[0m) [31mSkipped instrumenting ./app/scripts/vendors.7b408539.js[0m
2023-11-14 05:12:29.085 -0800 [debug] ([34miframe.js[0m) [31mResponding with contents of /scripts/main.0617ccde.js[0m
2023-11-14 05:12:29.086 -0800 [debug] ([34mcoverage-util.js[0m) [31mSkipped instrumenting ./app/scripts/main.0617ccde.js[0m
2023-11-14 06:42:01.170 -0800 [debug] ([34mdata-util.js[0m) [31mRead {}[0m
2023-11-14 06:42:08.158 -0800 [debug] ([34miframe.js[0m) [31mResponding to product with {"configs":{},"displayName":"UI3","product":{"freshdesk":{"location":{"ticket_sidebar":{"url":"agent/index.html","icon":"agent/icon.svg"}}}},"features":["db"],"actions":false,"omni":false,"products":["freshdesk"],"platform":"2.2","v2":[]}[0m
2023-11-14 06:42:12.338 -0800 [debug] ([34mdata-util.js[0m) [31mRead {}[0m
2023-11-14 06:42:12.572 -0800 [debug] ([34miframe.js[0m) [31mResponding to product with {"configs":{},"displayName":"UI3","product":{"freshdesk":{"location":{"ticket_sidebar":{"url":"agent/index.html","icon":"agent/icon.svg"}}}},"features":["db"],"actions":false,"omni":false,"products":["freshdesk"],"platform":"2.2","v2":[]}[0m
2023-11-14 06:42:13.094 -0800 [debug] ([34mdata-util.js[0m) [31mRead {}[0m
2023-11-14 06:42:13.184 -0800 [debug] ([34miframe.js[0m) [31mResponding to product with {"configs":{},"displayName":"UI3","product":{"freshdesk":{"location":{"ticket_sidebar":{"url":"agent/index.html","icon":"agent/icon.svg"}}}},"features":["db"],"actions":false,"omni":false,"products":["freshdesk"],"platform":"2.2","v2":[]}[0m
2023-11-14 06:42:35.418 -0800 [debug] ([34mdata-util.js[0m) [31mRead {}[0m
2023-11-14 06:42:35.439 -0800 [debug] ([34miframe.js[0m) [31mResponding to product with {"configs":{},"displayName":"UI3","product":{"freshdesk":{"location":{"ticket_sidebar":{"url":"agent/index.html","icon":"agent/icon.svg"}}}},"features":["db"],"actions":false,"omni":false,"products":["freshdesk"],"platform":"2.2","v2":[]}[0m
2023-11-14 06:42:38.421 -0800 [debug] ([34mdata-util.js[0m) [31mRead {}[0m
2023-11-14 06:42:38.422 -0800 [debug] ([34miframe.js[0m) [31mResponding to product with {"configs":{},"displayName":"UI3","product":{"freshdesk":{"location":{"ticket_sidebar":{"url":"agent/index.html","icon":"agent/icon.svg"}}}},"features":["db"],"actions":false,"omni":false,"products":["freshdesk"],"platform":"2.2","v2":[]}[0m
2023-11-14 06:42:39.093 -0800 [debug] ([34mdata-util.js[0m) [31mRead {}[0m
2023-11-14 06:42:39.102 -0800 [debug] ([34miframe.js[0m) [31mResponding to product with {"configs":{},"displayName":"UI3","product":{"freshdesk":{"location":{"ticket_sidebar":{"url":"agent/index.html","icon":"agent/icon.svg"}}}},"features":["db"],"actions":false,"omni":false,"products":["freshdesk"],"platform":"2.2","v2":[]}[0m
2023-11-14 06:43:08.265 -0800 [debug] ([34miframe.js[0m) [31mResponding with contents of /index.html[0m
2023-11-14 06:43:24.680 -0800 [debug] ([34mdata-util.js[0m) [31mRead {}[0m
2023-11-14 06:43:24.765 -0800 [debug] ([34miframe.js[0m) [31mResponding to product with {"configs":{},"displayName":"UI3","product":{"freshdesk":{"location":{"ticket_sidebar":{"url":"agent/index.html","icon":"agent/icon.svg"}}}},"features":["db"],"actions":false,"omni":false,"products":["freshdesk"],"platform":"2.2","v2":[]}[0m
2023-11-14 06:43:25.574 -0800 [debug] ([34miframe.js[0m) [31mResponding with contents of /scripts/runtime.ff352fdf.js[0m
2023-11-14 06:43:56.761 -0800 [debug] ([34mcoverage-util.js[0m) [31mSkipped instrumenting ./app/scripts/runtime.ff352fdf.js[0m
2023-11-14 06:44:03.793 -0800 [debug] ([34miframe.js[0m) [31mResponding with contents of /scripts/vendors.7b408539.js[0m
2023-11-14 06:44:49.720 -0800 [debug] ([34mcoverage-util.js[0m) [31mSkipped instrumenting ./app/scripts/vendors.7b408539.js[0m
2023-11-14 06:44:49.905 -0800 [debug] ([34miframe.js[0m) [31mResponding with contents of /scripts/main.0617ccde.js[0m
2023-11-14 06:45:04.175 -0800 [debug] ([34mcoverage-util.js[0m) [31mSkipped instrumenting ./app/scripts/main.0617ccde.js[0m
2023-11-14 06:56:58.253 -0800 [debug] ([34mwatcher.js[0m) [31mBroadcasted "{"file":"app\\index.html"}" to all listeners.[0m
2023-11-14 06:57:01.671 -0800 [debug] ([34mwatcher.js[0m) [31mBroadcasted "{"file":"app\\index.html"}" to all listeners.[0m
2023-11-14 06:57:23.137 -0800 [debug] ([34miframe.js[0m) [31mResponding with contents of /index.html[0m
2023-11-14 06:57:23.148 -0800 [debug] ([34miframe.js[0m) [31mResponding with contents of /index.html[0m
2023-11-14 06:57:27.532 -0800 [debug] ([34mwatcher.js[0m) [31mBroadcasted "{"file":"app\\index.html"}" to all listeners.[0m
2023-11-14 06:57:28.516 -0800 [debug] ([34mwatcher.js[0m) [31mBroadcasted "{"file":"app\\index.html"}" to all listeners.[0m
2023-11-14 06:57:31.373 -0800 [debug] ([34miframe.js[0m) [31mResponding with contents of /index.html[0m
2023-11-14 06:57:31.382 -0800 [debug] ([34miframe.js[0m) [31mResponding with contents of /index.html[0m
2023-11-14 06:57:39.652 -0800 [debug] ([34miframe.js[0m) [31mResponding with contents of /scripts/runtime.ff352fdf.js[0m
2023-11-14 06:57:39.869 -0800 [debug] ([34mcoverage-util.js[0m) [31mSkipped instrumenting ./app/scripts/runtime.ff352fdf.js[0m
2023-11-14 06:57:39.874 -0800 [debug] ([34miframe.js[0m) [31mResponding with contents of /scripts/vendors.7b408539.js[0m
2023-11-14 06:57:40.278 -0800 [debug] ([34mcoverage-util.js[0m) [31mSkipped instrumenting ./app/scripts/vendors.7b408539.js[0m
2023-11-14 06:57:41.335 -0800 [debug] ([34miframe.js[0m) [31mResponding with contents of /scripts/main.541b5bae.js[0m
2023-11-14 06:57:41.538 -0800 [debug] ([34mcoverage-util.js[0m) [31mSkipped instrumenting ./app/scripts/main.541b5bae.js[0m
2023-11-14 07:03:52.466 -0800 [debug] ([34mwatcher.js[0m) [31mBroadcasted "{"file":"app\\index.html"}" to all listeners.[0m
2023-11-14 07:09:23.166 -0800 [debug] ([34mwatcher.js[0m) [31mBroadcasted "{"file":"app\\index.html"}" to all listeners.[0m
2023-11-14 07:10:16.872 -0800 [debug] ([34mwatcher.js[0m) [31mBroadcasted "{"file":"app\\index.html"}" to all listeners.[0m
2023-11-14 07:10:19.866 -0800 [debug] ([34mwatcher.js[0m) [31mBroadcasted "{"file":"app\\index.html"}" to all listeners.[0m
2023-11-14 07:12:17.932 -0800 [debug] ([34mwatcher.js[0m) [31mBroadcasted "{"file":"app\\index.html"}" to all listeners.[0m
2023-11-14 07:12:56.662 -0800 [debug] ([34mwatcher.js[0m) [31mBroadcasted "{"file":"app\\index.html"}" to all listeners.[0m
2023-11-14 07:18:01.688 -0800 [debug] ([34mwatcher.js[0m) [31mBroadcasted "{"file":"app\\index.html"}" to all listeners.[0m
2023-11-14 07:18:09.754 -0800 [debug] ([34mwatcher.js[0m) [31mBroadcasted "{"file":"app\\index.html"}" to all listeners.[0m
2023-11-14 07:21:10.973 -0800 [debug] ([34mwatcher.js[0m) [31mBroadcasted "{"file":"app\\index.html"}" to all listeners.[0m
2023-11-14 07:25:13.900 -0800 [debug] ([34mwatcher.js[0m) [31mBroadcasted "{"file":"app\\index.html"}" to all listeners.[0m
2023-11-14 07:25:25.854 -0800 [debug] ([34mwatcher.js[0m) [31mBroadcasted "{"file":"app\\index.html"}" to all listeners.[0m
2023-11-14 07:27:03.736 -0800 [debug] ([34mwatcher.js[0m) [31mBroadcasted "{"file":"app\\index.html"}" to all listeners.[0m
2023-11-14 07:27:27.986 -0800 [debug] ([34mwatcher.js[0m) [31mBroadcasted "{"file":"app\\index.html"}" to all listeners.[0m
2023-11-14 07:27:43.889 -0800 [debug] ([34mwatcher.js[0m) [31mBroadcasted "{"file":"app\\index.html"}" to all listeners.[0m
2023-11-14 07:27:46.969 -0800 [debug] ([34mwatcher.js[0m) [31mBroadcasted "{"file":"app\\index.html"}" to all listeners.[0m
2023-11-14 07:28:09.091 -0800 [debug] ([34mdata-util.js[0m) [31mRead {}[0m
2023-11-14 07:28:09.331 -0800 [debug] ([34miframe.js[0m) [31mResponding to product with {"configs":{},"displayName":"UI3","product":{"freshdesk":{"location":{"ticket_sidebar":{"url":"agent/index.html","icon":"agent/icon.svg"}}}},"features":["db"],"actions":false,"omni":false,"products":["freshdesk"],"platform":"2.2","v2":[]}[0m
2023-11-14 07:28:13.927 -0800 [debug] ([34mdata-util.js[0m) [31mRead {}[0m
2023-11-14 07:28:13.928 -0800 [debug] ([34miframe.js[0m) [31mResponding to product with {"configs":{},"displayName":"UI3","product":{"freshdesk":{"location":{"ticket_sidebar":{"url":"agent/index.html","icon":"agent/icon.svg"}}}},"features":["db"],"actions":false,"omni":false,"products":["freshdesk"],"platform":"2.2","v2":[]}[0m
2023-11-14 07:28:14.032 -0800 [debug] ([34mdata-util.js[0m) [31mRead {}[0m
2023-11-14 07:28:14.033 -0800 [debug] ([34miframe.js[0m) [31mResponding to product with {"configs":{},"displayName":"UI3","product":{"freshdesk":{"location":{"ticket_sidebar":{"url":"agent/index.html","icon":"agent/icon.svg"}}}},"features":["db"],"actions":false,"omni":false,"products":["freshdesk"],"platform":"2.2","v2":[]}[0m
2023-11-14 07:28:14.118 -0800 [debug] ([34mdata-util.js[0m) [31mRead {}[0m
2023-11-14 07:28:14.119 -0800 [debug] ([34miframe.js[0m) [31mResponding to product with {"configs":{},"displayName":"UI3","product":{"freshdesk":{"location":{"ticket_sidebar":{"url":"agent/index.html","icon":"agent/icon.svg"}}}},"features":["db"],"actions":false,"omni":false,"products":["freshdesk"],"platform":"2.2","v2":[]}[0m
2023-11-14 07:28:14.221 -0800 [debug] ([34mdata-util.js[0m) [31mRead {}[0m
2023-11-14 07:28:14.221 -0800 [debug] ([34miframe.js[0m) [31mResponding to product with {"configs":{},"displayName":"UI3","product":{"freshdesk":{"location":{"ticket_sidebar":{"url":"agent/index.html","icon":"agent/icon.svg"}}}},"features":["db"],"actions":false,"omni":false,"products":["freshdesk"],"platform":"2.2","v2":[]}[0m
2023-11-14 07:28:14.303 -0800 [debug] ([34mdata-util.js[0m) [31mRead {}[0m
2023-11-14 07:28:14.304 -0800 [debug] ([34miframe.js[0m) [31mResponding to product with {"configs":{},"displayName":"UI3","product":{"freshdesk":{"location":{"ticket_sidebar":{"url":"agent/index.html","icon":"agent/icon.svg"}}}},"features":["db"],"actions":false,"omni":false,"products":["freshdesk"],"platform":"2.2","v2":[]}[0m
2023-11-14 07:28:14.659 -0800 [debug] ([34mdata-util.js[0m) [31mRead {}[0m
2023-11-14 07:28:14.660 -0800 [debug] ([34miframe.js[0m) [31mResponding to product with {"configs":{},"displayName":"UI3","product":{"freshdesk":{"location":{"ticket_sidebar":{"url":"agent/index.html","icon":"agent/icon.svg"}}}},"features":["db"],"actions":false,"omni":false,"products":["freshdesk"],"platform":"2.2","v2":[]}[0m
2023-11-14 07:28:14.730 -0800 [debug] ([34mdata-util.js[0m) [31mRead {}[0m
2023-11-14 07:28:14.730 -0800 [debug] ([34miframe.js[0m) [31mResponding to product with {"configs":{},"displayName":"UI3","product":{"freshdesk":{"location":{"ticket_sidebar":{"url":"agent/index.html","icon":"agent/icon.svg"}}}},"features":["db"],"actions":false,"omni":false,"products":["freshdesk"],"platform":"2.2","v2":[]}[0m
2023-11-14 07:28:14.838 -0800 [debug] ([34mdata-util.js[0m) [31mRead {}[0m
2023-11-14 07:28:14.839 -0800 [debug] ([34miframe.js[0m) [31mResponding to product with {"configs":{},"displayName":"UI3","product":{"freshdesk":{"location":{"ticket_sidebar":{"url":"agent/index.html","icon":"agent/icon.svg"}}}},"features":["db"],"actions":false,"omni":false,"products":["freshdesk"],"platform":"2.2","v2":[]}[0m
2023-11-14 07:28:15.086 -0800 [debug] ([34miframe.js[0m) [31mResponding with contents of /index.html[0m
2023-11-14 07:28:18.964 -0800 [debug] ([34miframe.js[0m) [31mResponding with contents of /scripts/runtime.7d94391a.js[0m
2023-11-14 07:28:19.159 -0800 [debug] ([34mcoverage-util.js[0m) [31mSkipped instrumenting ./app/scripts/runtime.7d94391a.js[0m
2023-11-14 07:28:19.161 -0800 [debug] ([34miframe.js[0m) [31mResponding with contents of /scripts/main.5435b67a.js[0m
2023-11-14 07:28:19.162 -0800 [debug] ([34mcoverage-util.js[0m) [31mSkipped instrumenting ./app/scripts/main.5435b67a.js[0m
2023-11-14 07:28:19.164 -0800 [debug] ([34miframe.js[0m) [31mResponding with contents of /scripts/vendors.7b408539.js[0m
2023-11-14 07:28:19.783 -0800 [debug] ([34mcoverage-util.js[0m) [31mSkipped instrumenting ./app/scripts/vendors.7b408539.js[0m
